2025-08-02T01:57:33.048Z [warn]: 404 Not Found: GET / - IP: ::1
2025-08-02T01:57:33.100Z [warn]: 404 Not Found: GET /favicon.ico - IP: ::1
2025-08-02T02:10:05.266Z [error]: (500) Cannot read properties of undefined (reading 'toJson') null
2025-08-02T02:10:05.267Z [error]: stack TypeError: Cannot read properties of undefined (reading 'toJson')
    at userRegister (file:///C:/Source/js/inversiones-back/src/controllers/sistema/usuarios_controller.js:20:42)
    at process.processTicksAndRejections (node:internal/process/task_queues:105:5)
2025-08-02T02:15:54.441Z [error]: (500) Access denied for user 'netrona'@'%' to database 'invest-project' null
2025-08-02T02:15:54.442Z [error]: stack Error: Access denied for user 'netrona'@'%' to database 'invest-project'
    at dbErrorMsg (file:///C:/Source/js/inversiones-back/src/database/db.js:24:19)
    at UsuariosService.userRegister (file:///C:/Source/js/inversiones-back/src/services/sistema/usuarios_service.js:20:19)
    at process.processTicksAndRejections (node:internal/process/task_queues:105:5)
    at async userRegister (file:///C:/Source/js/inversiones-back/src/controllers/sistema/usuarios_controller.js:19:29)
2025-08-02T02:41:50.050Z [error]: (500) Duplicate entry 'p.berdasco@gmail.com' for key 'usuarios.mail_Unique' null
2025-08-02T02:41:50.051Z [error]: stack Error: Duplicate entry 'p.berdasco@gmail.com' for key 'usuarios.mail_Unique'
    at dbErrorMsg (file:///C:/Source/js/inversiones-back/src/database/db.js:24:19)
    at UsuariosService.userRegister (file:///C:/Source/js/inversiones-back/src/services/sistema/usuarios_service.js:20:19)
    at process.processTicksAndRejections (node:internal/process/task_queues:105:5)
    at async userRegister (file:///C:/Source/js/inversiones-back/src/controllers/sistema/usuarios_controller.js:22:29)
2025-08-02T02:42:31.173Z [error]: (500) Cannot read properties of undefined (reading 'map') null
2025-08-02T02:42:31.174Z [error]: stack TypeError: Cannot read properties of undefined (reading 'map')
    at UsuariosController.bodyValidations (file:///C:/Source/js/inversiones-back/src/controllers/sistema/usuarios_controller.js:60:40)
    at userLogin (file:///C:/Source/js/inversiones-back/src/controllers/sistema/usuarios_controller.js:40:61)
    at Layer.handleRequest (C:\Source\js\inversiones-back\node_modules\router\lib\layer.js:152:17)
    at next (C:\Source\js\inversiones-back\node_modules\router\lib\route.js:157:13)
    at Route.dispatch (C:\Source\js\inversiones-back\node_modules\router\lib\route.js:117:3)
    at handle (C:\Source\js\inversiones-back\node_modules\router\index.js:435:11)
    at Layer.handleRequest (C:\Source\js\inversiones-back\node_modules\router\lib\layer.js:152:17)
    at C:\Source\js\inversiones-back\node_modules\router\index.js:295:15
    at processParams (C:\Source\js\inversiones-back\node_modules\router\index.js:582:12)
    at next (C:\Source\js\inversiones-back\node_modules\router\index.js:291:5)
2025-08-02T02:44:17.941Z [error]: (500) Cannot read properties of undefined (reading 'map') null
2025-08-02T02:44:17.941Z [error]: stack TypeError: Cannot read properties of undefined (reading 'map')
    at UsuariosController.bodyValidations (file:///C:/Source/js/inversiones-back/src/controllers/sistema/usuarios_controller.js:62:40)
    at userLogin (file:///C:/Source/js/inversiones-back/src/controllers/sistema/usuarios_controller.js:40:61)
    at Layer.handleRequest (C:\Source\js\inversiones-back\node_modules\router\lib\layer.js:152:17)
    at next (C:\Source\js\inversiones-back\node_modules\router\lib\route.js:157:13)
    at Route.dispatch (C:\Source\js\inversiones-back\node_modules\router\lib\route.js:117:3)
    at handle (C:\Source\js\inversiones-back\node_modules\router\index.js:435:11)
    at Layer.handleRequest (C:\Source\js\inversiones-back\node_modules\router\lib\layer.js:152:17)
    at C:\Source\js\inversiones-back\node_modules\router\index.js:295:15
    at processParams (C:\Source\js\inversiones-back\node_modules\router\index.js:582:12)
    at next (C:\Source\js\inversiones-back\node_modules\router\index.js:291:5)
2025-08-02T02:50:37.932Z [error]: (500) ZodError is not defined null
2025-08-02T02:50:37.933Z [error]: stack ReferenceError: ZodError is not defined
    at UsuariosController.bodyValidations (file:///C:/Source/js/inversiones-back/src/controllers/sistema/usuarios_controller.js:61:76)
    at userLogin (file:///C:/Source/js/inversiones-back/src/controllers/sistema/usuarios_controller.js:40:61)
    at Layer.handleRequest (C:\Source\js\inversiones-back\node_modules\router\lib\layer.js:152:17)
    at next (C:\Source\js\inversiones-back\node_modules\router\lib\route.js:157:13)
    at Route.dispatch (C:\Source\js\inversiones-back\node_modules\router\lib\route.js:117:3)
    at handle (C:\Source\js\inversiones-back\node_modules\router\index.js:435:11)
    at Layer.handleRequest (C:\Source\js\inversiones-back\node_modules\router\lib\layer.js:152:17)
    at C:\Source\js\inversiones-back\node_modules\router\index.js:295:15
    at processParams (C:\Source\js\inversiones-back\node_modules\router\index.js:582:12)
    at next (C:\Source\js\inversiones-back\node_modules\router\index.js:291:5)
2025-08-02T02:51:34.522Z [error]: (500) Cannot read properties of undefined (reading 'map') null
2025-08-02T02:51:34.523Z [error]: stack TypeError: Cannot read properties of undefined (reading 'map')
    at UsuariosController.bodyValidations (file:///C:/Source/js/inversiones-back/src/controllers/sistema/usuarios_controller.js:66:40)
    at userLogin (file:///C:/Source/js/inversiones-back/src/controllers/sistema/usuarios_controller.js:40:61)
    at Layer.handleRequest (C:\Source\js\inversiones-back\node_modules\router\lib\layer.js:152:17)
    at next (C:\Source\js\inversiones-back\node_modules\router\lib\route.js:157:13)
    at Route.dispatch (C:\Source\js\inversiones-back\node_modules\router\lib\route.js:117:3)
    at handle (C:\Source\js\inversiones-back\node_modules\router\index.js:435:11)
    at Layer.handleRequest (C:\Source\js\inversiones-back\node_modules\router\lib\layer.js:152:17)
    at C:\Source\js\inversiones-back\node_modules\router\index.js:295:15
    at processParams (C:\Source\js\inversiones-back\node_modules\router\index.js:582:12)
    at next (C:\Source\js\inversiones-back\node_modules\router\index.js:291:5)
2025-08-02T02:53:53.538Z [error]: (400) Problemas con el req.body [{"field":"password","message":"Invalid input: expected string, received undefined"}]
2025-08-02T02:53:53.538Z [error]: stack Error: Problemas con el req.body
    at userLogin (file:///C:/Source/js/inversiones-back/src/controllers/sistema/usuarios_controller.js:41:59)
    at Layer.handleRequest (C:\Source\js\inversiones-back\node_modules\router\lib\layer.js:152:17)
    at next (C:\Source\js\inversiones-back\node_modules\router\lib\route.js:157:13)
    at Route.dispatch (C:\Source\js\inversiones-back\node_modules\router\lib\route.js:117:3)
    at handle (C:\Source\js\inversiones-back\node_modules\router\index.js:435:11)
    at Layer.handleRequest (C:\Source\js\inversiones-back\node_modules\router\lib\layer.js:152:17)
    at C:\Source\js\inversiones-back\node_modules\router\index.js:295:15
    at processParams (C:\Source\js\inversiones-back\node_modules\router\index.js:582:12)
    at next (C:\Source\js\inversiones-back\node_modules\router\index.js:291:5)
    at Function.handle (C:\Source\js\inversiones-back\node_modules\router\index.js:186:3)
2025-08-02T02:57:21.353Z [error]: (400) Problemas con el req.body [{"field":"password","message":"Invalid input: expected string, received undefined"}]
2025-08-02T02:57:21.354Z [error]: stack Error: Problemas con el req.body
    at userLogin (file:///C:/Source/js/inversiones-back/src/controllers/sistema/usuarios_controller.js:41:59)
    at Layer.handleRequest (C:\Source\js\inversiones-back\node_modules\router\lib\layer.js:152:17)
    at next (C:\Source\js\inversiones-back\node_modules\router\lib\route.js:157:13)
    at Route.dispatch (C:\Source\js\inversiones-back\node_modules\router\lib\route.js:117:3)
    at handle (C:\Source\js\inversiones-back\node_modules\router\index.js:435:11)
    at Layer.handleRequest (C:\Source\js\inversiones-back\node_modules\router\lib\layer.js:152:17)
    at C:\Source\js\inversiones-back\node_modules\router\index.js:295:15
    at processParams (C:\Source\js\inversiones-back\node_modules\router\index.js:582:12)
    at next (C:\Source\js\inversiones-back\node_modules\router\index.js:291:5)
    at Function.handle (C:\Source\js\inversiones-back\node_modules\router\index.js:186:3)
2025-08-02T03:01:43.706Z [error]: (400) Problemas con el req.body [{"field":"password","message":"Invalid input: expected string, received undefined"}]
2025-08-02T03:01:43.707Z [error]: stack Error: Problemas con el req.body
    at userLogin (file:///C:/Source/js/inversiones-back/src/controllers/sistema/usuarios_controller.js:41:59)
    at Layer.handleRequest (C:\Source\js\inversiones-back\node_modules\router\lib\layer.js:152:17)
    at next (C:\Source\js\inversiones-back\node_modules\router\lib\route.js:157:13)
    at Route.dispatch (C:\Source\js\inversiones-back\node_modules\router\lib\route.js:117:3)
    at handle (C:\Source\js\inversiones-back\node_modules\router\index.js:435:11)
    at Layer.handleRequest (C:\Source\js\inversiones-back\node_modules\router\lib\layer.js:152:17)
    at C:\Source\js\inversiones-back\node_modules\router\index.js:295:15
    at processParams (C:\Source\js\inversiones-back\node_modules\router\index.js:582:12)
    at next (C:\Source\js\inversiones-back\node_modules\router\index.js:291:5)
    at Function.handle (C:\Source\js\inversiones-back\node_modules\router\index.js:186:3)
2025-08-02T03:14:09.549Z [error]: (400) Problemas con el req.body [{"field":"password","message":"Invalid input: expected string, received undefined"}]
2025-08-02T03:14:09.550Z [error]: stack Error: Problemas con el req.body
    at userLogin (file:///C:/Source/js/inversiones-back/src/controllers/sistema/usuarios_controller.js:41:59)
    at Layer.handleRequest (C:\Source\js\inversiones-back\node_modules\router\lib\layer.js:152:17)
    at next (C:\Source\js\inversiones-back\node_modules\router\lib\route.js:157:13)
    at Route.dispatch (C:\Source\js\inversiones-back\node_modules\router\lib\route.js:117:3)
    at handle (C:\Source\js\inversiones-back\node_modules\router\index.js:435:11)
    at Layer.handleRequest (C:\Source\js\inversiones-back\node_modules\router\lib\layer.js:152:17)
    at C:\Source\js\inversiones-back\node_modules\router\index.js:295:15
    at processParams (C:\Source\js\inversiones-back\node_modules\router\index.js:582:12)
    at next (C:\Source\js\inversiones-back\node_modules\router\index.js:291:5)
    at Function.handle (C:\Source\js\inversiones-back\node_modules\router\index.js:186:3)
2025-08-02T03:22:01.217Z [error]: (400) Problemas con el req.body [{"field":"password","message":"Invalid input: expected string, received undefined"}]
2025-08-02T03:22:01.218Z [error]: stack Error: Problemas con el req.body
    at userLogin (file:///C:/Source/js/inversiones-back/src/controllers/sistema/usuarios_controller.js:41:59)
    at Layer.handleRequest (C:\Source\js\inversiones-back\node_modules\router\lib\layer.js:152:17)
    at next (C:\Source\js\inversiones-back\node_modules\router\lib\route.js:157:13)
    at Route.dispatch (C:\Source\js\inversiones-back\node_modules\router\lib\route.js:117:3)
    at handle (C:\Source\js\inversiones-back\node_modules\router\index.js:435:11)
    at Layer.handleRequest (C:\Source\js\inversiones-back\node_modules\router\lib\layer.js:152:17)
    at C:\Source\js\inversiones-back\node_modules\router\index.js:295:15
    at processParams (C:\Source\js\inversiones-back\node_modules\router\index.js:582:12)
    at next (C:\Source\js\inversiones-back\node_modules\router\index.js:291:5)
    at Function.handle (C:\Source\js\inversiones-back\node_modules\router\index.js:186:3)
2025-08-02T03:24:24.643Z [error]: (500) Duplicate entry 'p.berdasco@gmail.com' for key 'usuarios.mail_Unique' null
2025-08-02T03:24:24.644Z [error]: stack Error: Duplicate entry 'p.berdasco@gmail.com' for key 'usuarios.mail_Unique'
    at dbErrorMsg (file:///C:/Source/js/inversiones-back/src/database/db.js:24:19)
    at UsuariosService.userRegister (file:///C:/Source/js/inversiones-back/src/services/sistema/usuarios_service.js:22:19)
    at process.processTicksAndRejections (node:internal/process/task_queues:105:5)
    at async userRegister (file:///C:/Source/js/inversiones-back/src/controllers/sistema/usuarios_controller.js:22:29)
2025-08-02T03:25:50.490Z [error]: (500) Duplicate entry 'p.berdasco@gmail.com' for key 'usuarios.mail_Unique' null
2025-08-02T03:25:50.491Z [error]: stack Error: Duplicate entry 'p.berdasco@gmail.com' for key 'usuarios.mail_Unique'
    at dbErrorMsg (file:///C:/Source/js/inversiones-back/src/database/db.js:24:19)
    at UsuariosService.userRegister (file:///C:/Source/js/inversiones-back/src/services/sistema/usuarios_service.js:22:19)
    at process.processTicksAndRejections (node:internal/process/task_queues:105:5)
    at async userRegister (file:///C:/Source/js/inversiones-back/src/controllers/sistema/usuarios_controller.js:22:29)
2025-08-02T03:27:27.571Z [error]: (500) Duplicate entry 'p.berdasco@gmail.com' for key 'usuarios.mail_Unique' null
2025-08-02T03:27:27.572Z [error]: stack Error: Duplicate entry 'p.berdasco@gmail.com' for key 'usuarios.mail_Unique'
    at dbErrorMsg (file:///C:/Source/js/inversiones-back/src/database/db.js:24:19)
    at UsuariosService.userRegister (file:///C:/Source/js/inversiones-back/src/services/sistema/usuarios_service.js:22:19)
    at process.processTicksAndRejections (node:internal/process/task_queues:105:5)
    at async userRegister (file:///C:/Source/js/inversiones-back/src/controllers/sistema/usuarios_controller.js:22:29)
2025-08-02T03:28:52.111Z [error]: (500) Duplicate entry 'p.berdasco@gmail.com' for key 'usuarios.mail_Unique' null
2025-08-02T03:28:52.112Z [error]: stack Error: Duplicate entry 'p.berdasco@gmail.com' for key 'usuarios.mail_Unique'
    at dbErrorMsg (file:///C:/Source/js/inversiones-back/src/database/db.js:26:19)
    at UsuariosService.userRegister (file:///C:/Source/js/inversiones-back/src/services/sistema/usuarios_service.js:22:19)
    at process.processTicksAndRejections (node:internal/process/task_queues:105:5)
    at async userRegister (file:///C:/Source/js/inversiones-back/src/controllers/sistema/usuarios_controller.js:22:29)
2025-08-02T03:32:04.211Z [error]: (500) Duplicate entry 'p.berdasco@gmail.com' for key 'usuarios.mail_Unique' null
2025-08-02T03:32:04.212Z [error]: stack Error: Duplicate entry 'p.berdasco@gmail.com' for key 'usuarios.mail_Unique'
    at dbErrorMsg (file:///C:/Source/js/inversiones-back/src/database/db.js:26:19)
    at UsuariosService.userRegister (file:///C:/Source/js/inversiones-back/src/services/sistema/usuarios_service.js:22:19)
    at process.processTicksAndRejections (node:internal/process/task_queues:105:5)
    at async userRegister (file:///C:/Source/js/inversiones-back/src/controllers/sistema/usuarios_controller.js:22:29)
2025-08-02T03:34:10.067Z [error]: (409) El usuario ya existe null
2025-08-02T03:34:10.068Z [error]: stack Error: El usuario ya existe
    at dbErrorMsg (file:///C:/Source/js/inversiones-back/src/database/db.js:24:19)
    at UsuariosService.userRegister (file:///C:/Source/js/inversiones-back/src/services/sistema/usuarios_service.js:21:55)
    at process.processTicksAndRejections (node:internal/process/task_queues:105:5)
    at async userRegister (file:///C:/Source/js/inversiones-back/src/controllers/sistema/usuarios_controller.js:22:29)
2025-08-02T03:42:05.224Z [error]: (500) Error interno de la base de datos null
2025-08-02T03:42:05.225Z [error]: stack Error: Error interno de la base de datos
    at dbErrorMsg (file:///C:/Source/js/inversiones-back/src/database/db.js:24:19)
    at UsuariosService.userLogin (file:///C:/Source/js/inversiones-back/src/services/sistema/usuarios_service.js:48:19)
    at process.processTicksAndRejections (node:internal/process/task_queues:105:5)
    at async userLogin (file:///C:/Source/js/inversiones-back/src/controllers/sistema/usuarios_controller.js:42:26)
2025-08-02T03:44:38.581Z [error]: (500) Error interno de la base de datos null
2025-08-02T03:44:38.582Z [error]: stack Error: Error interno de la base de datos
    at dbErrorMsg (file:///C:/Source/js/inversiones-back/src/database/db.js:24:19)
    at UsuariosService.userLogin (file:///C:/Source/js/inversiones-back/src/services/sistema/usuarios_service.js:52:19)
    at process.processTicksAndRejections (node:internal/process/task_queues:105:5)
    at async userLogin (file:///C:/Source/js/inversiones-back/src/controllers/sistema/usuarios_controller.js:42:26)
2025-08-02T03:46:18.850Z [error]: (409) El usuario ya existe null
2025-08-02T03:46:18.851Z [error]: stack Error: El usuario ya existe
    at dbErrorMsg (file:///C:/Source/js/inversiones-back/src/database/db.js:24:19)
    at UsuariosService.userRegister (file:///C:/Source/js/inversiones-back/src/services/sistema/usuarios_service.js:19:55)
    at process.processTicksAndRejections (node:internal/process/task_queues:105:5)
    at async userRegister (file:///C:/Source/js/inversiones-back/src/controllers/sistema/usuarios_controller.js:22:29)
2025-08-02T03:46:23.919Z [error]: (500) Error interno de la base de datos null
2025-08-02T03:46:23.920Z [error]: stack Error: Error interno de la base de datos
    at dbErrorMsg (file:///C:/Source/js/inversiones-back/src/database/db.js:24:19)
    at UsuariosService.userLogin (file:///C:/Source/js/inversiones-back/src/services/sistema/usuarios_service.js:52:19)
    at process.processTicksAndRejections (node:internal/process/task_queues:105:5)
    at async userLogin (file:///C:/Source/js/inversiones-back/src/controllers/sistema/usuarios_controller.js:42:26)
2025-08-02T03:48:19.169Z [error]: (500) Error interno de la base de datos null
2025-08-02T03:48:19.169Z [error]: stack Error: Error interno de la base de datos
    at dbErrorMsg (file:///C:/Source/js/inversiones-back/src/database/db.js:24:19)
    at UsuariosService.userLogin (file:///C:/Source/js/inversiones-back/src/services/sistema/usuarios_service.js:55:19)
    at process.processTicksAndRejections (node:internal/process/task_queues:105:5)
    at async userLogin (file:///C:/Source/js/inversiones-back/src/controllers/sistema/usuarios_controller.js:42:26)
2025-08-02T03:49:48.537Z [error]: (500) Error interno de la base de datos null
2025-08-02T03:49:48.538Z [error]: stack Error: Error interno de la base de datos
    at dbErrorMsg (file:///C:/Source/js/inversiones-back/src/database/db.js:24:19)
    at UsuariosService.userLogin (file:///C:/Source/js/inversiones-back/src/services/sistema/usuarios_service.js:55:19)
    at async userLogin (file:///C:/Source/js/inversiones-back/src/controllers/sistema/usuarios_controller.js:42:26)
2025-08-02T03:52:34.612Z [error]: (500) Error interno de la base de datos null
2025-08-02T03:52:34.612Z [error]: stack Error: Error interno de la base de datos
    at dbErrorMsg (file:///C:/Source/js/inversiones-back/src/database/db.js:24:19)
    at UsuariosService.userLogin (file:///C:/Source/js/inversiones-back/src/services/sistema/usuarios_service.js:55:19)
    at async userLogin (file:///C:/Source/js/inversiones-back/src/controllers/sistema/usuarios_controller.js:42:26)
2025-08-02T03:53:33.394Z [error]: (500) Error interno de la base de datos null
2025-08-02T03:53:33.395Z [error]: stack Error: Error interno de la base de datos
    at dbErrorMsg (file:///C:/Source/js/inversiones-back/src/database/db.js:24:19)
    at UsuariosService.userLogin (file:///C:/Source/js/inversiones-back/src/services/sistema/usuarios_service.js:49:19)
    at async userLogin (file:///C:/Source/js/inversiones-back/src/controllers/sistema/usuarios_controller.js:42:26)
2025-08-02T04:11:03.272Z [error]: (401) Credenciales Invalidas null
2025-08-02T04:11:03.272Z [error]: stack Error: Credenciales Invalidas
    at dbErrorMsg (file:///C:/Source/js/inversiones-back/src/database/db.js:24:19)
    at UsuariosService.userLogin (file:///C:/Source/js/inversiones-back/src/services/sistema/usuarios_service.js:41:30)
    at async userLogin (file:///C:/Source/js/inversiones-back/src/controllers/sistema/usuarios_controller.js:42:26)
2025-08-02T04:11:08.077Z [error]: (401) Credenciales Invalidas null
2025-08-02T04:11:08.078Z [error]: stack Error: Credenciales Invalidas
    at dbErrorMsg (file:///C:/Source/js/inversiones-back/src/database/db.js:24:19)
    at UsuariosService.userLogin (file:///C:/Source/js/inversiones-back/src/services/sistema/usuarios_service.js:36:42)
    at process.processTicksAndRejections (node:internal/process/task_queues:105:5)
    at async userLogin (file:///C:/Source/js/inversiones-back/src/controllers/sistema/usuarios_controller.js:42:26)
2025-08-02T04:11:17.679Z [error]: (400) Problemas con el req.body [{"field":"password","message":"Invalid input: expected string, received undefined"}]
2025-08-02T04:11:17.679Z [error]: stack Error: Problemas con el req.body
    at throwValidationError (file:///C:/Source/js/inversiones-back/src/controllers/validations.js:33:25)
    at userLogin (file:///C:/Source/js/inversiones-back/src/controllers/sistema/usuarios_controller.js:41:39)
    at Layer.handleRequest (C:\Source\js\inversiones-back\node_modules\router\lib\layer.js:152:17)
    at next (C:\Source\js\inversiones-back\node_modules\router\lib\route.js:157:13)
    at Route.dispatch (C:\Source\js\inversiones-back\node_modules\router\lib\route.js:117:3)
    at handle (C:\Source\js\inversiones-back\node_modules\router\index.js:435:11)
    at Layer.handleRequest (C:\Source\js\inversiones-back\node_modules\router\lib\layer.js:152:17)
    at C:\Source\js\inversiones-back\node_modules\router\index.js:295:15
    at processParams (C:\Source\js\inversiones-back\node_modules\router\index.js:582:12)
    at next (C:\Source\js\inversiones-back\node_modules\router\index.js:291:5)
2025-08-02T04:11:19.736Z [error]: (401) Credenciales Invalidas null
2025-08-02T04:11:19.736Z [error]: stack Error: Credenciales Invalidas
    at dbErrorMsg (file:///C:/Source/js/inversiones-back/src/database/db.js:24:19)
    at UsuariosService.userLogin (file:///C:/Source/js/inversiones-back/src/services/sistema/usuarios_service.js:36:42)
    at process.processTicksAndRejections (node:internal/process/task_queues:105:5)
    at async userLogin (file:///C:/Source/js/inversiones-back/src/controllers/sistema/usuarios_controller.js:42:26)
2025-08-02T04:11:32.225Z [error]: (401) Credenciales Invalidas null
2025-08-02T04:11:32.225Z [error]: stack Error: Credenciales Invalidas
    at dbErrorMsg (file:///C:/Source/js/inversiones-back/src/database/db.js:24:19)
    at UsuariosService.userLogin (file:///C:/Source/js/inversiones-back/src/services/sistema/usuarios_service.js:36:42)
    at process.processTicksAndRejections (node:internal/process/task_queues:105:5)
    at async userLogin (file:///C:/Source/js/inversiones-back/src/controllers/sistema/usuarios_controller.js:42:26)
2025-08-02T04:11:50.332Z [error]: (401) Credenciales Invalidas null
2025-08-02T04:11:50.332Z [error]: stack Error: Credenciales Invalidas
    at dbErrorMsg (file:///C:/Source/js/inversiones-back/src/database/db.js:24:19)
    at UsuariosService.userLogin (file:///C:/Source/js/inversiones-back/src/services/sistema/usuarios_service.js:36:42)
    at process.processTicksAndRejections (node:internal/process/task_queues:105:5)
    at async userLogin (file:///C:/Source/js/inversiones-back/src/controllers/sistema/usuarios_controller.js:42:26)
2025-08-02T04:51:19.770Z [error]: (409) El usuario ya existe null
2025-08-02T04:51:19.770Z [error]: stack Error: El usuario ya existe
    at dbErrorMsg (file:///C:/Source/js/inversiones-back/src/database/db.js:24:19)
    at UsuariosService.userRegister (file:///C:/Source/js/inversiones-back/src/services/sistema/usuarios_service.js:19:55)
    at process.processTicksAndRejections (node:internal/process/task_queues:105:5)
    at async userRegister (file:///C:/Source/js/inversiones-back/src/controllers/sistema/usuarios_controller.js:22:29)
2025-08-02T04:51:26.649Z [error]: (401) Credenciales Invalidas null
2025-08-02T04:51:26.649Z [error]: stack Error: Credenciales Invalidas
    at dbErrorMsg (file:///C:/Source/js/inversiones-back/src/database/db.js:24:19)
    at UsuariosService.userLogin (file:///C:/Source/js/inversiones-back/src/services/sistema/usuarios_service.js:41:30)
    at async userLogin (file:///C:/Source/js/inversiones-back/src/controllers/sistema/usuarios_controller.js:42:26)
2025-08-02T15:02:35.519Z [error]: (401) Credenciales Invalidas null
2025-08-02T15:02:35.520Z [error]: stack Error: Credenciales Invalidas
    at dbErrorMsg (file:///C:/Source/js/inversiones-back/src/database/db.js:24:19)
    at UsuariosService.userLogin (file:///C:/Source/js/inversiones-back/src/services/sistema/usuarios_service.js:41:30)
    at async userLogin (file:///C:/Source/js/inversiones-back/src/controllers/sistema/usuarios_controller.js:43:27)
2025-08-02T15:23:17.498Z [error]: (500) Table 'invest-project.derechos' doesn't exist null
2025-08-02T15:23:17.498Z [error]: stack Error: Table 'invest-project.derechos' doesn't exist
    at dbErrorMsg (file:///C:/Source/js/inversiones-back/src/database/db.js:24:19)
    at UsuariosService.getRolesYDerechos (file:///C:/Source/js/inversiones-back/src/services/sistema/usuarios_service.js:67:19)
    at process.processTicksAndRejections (node:internal/process/task_queues:105:5)
    at async getMe (file:///C:/Source/js/inversiones-back/src/controllers/sistema/usuarios_controller.js:73:26)
2025-08-02T15:29:58.011Z [error]: (401) Credenciales Invalidas null
2025-08-02T15:29:58.012Z [error]: stack Error: Credenciales Invalidas
    at dbErrorMsg (file:///C:/Source/js/inversiones-back/src/database/db.js:24:19)
    at UsuariosService.userLogin (file:///C:/Source/js/inversiones-back/src/services/sistema/usuarios_service.js:41:30)
    at async userLogin (file:///C:/Source/js/inversiones-back/src/controllers/sistema/usuarios_controller.js:43:27)
2025-08-02T15:32:14.656Z [error]: (500) Table 'invest-project.derechos' doesn't exist null
2025-08-02T15:32:14.656Z [error]: stack Error: Table 'invest-project.derechos' doesn't exist
    at dbErrorMsg (file:///C:/Source/js/inversiones-back/src/database/db.js:24:19)
    at UsuariosService.getRolesYDerechos (file:///C:/Source/js/inversiones-back/src/services/sistema/usuarios_service.js:67:19)
    at process.processTicksAndRejections (node:internal/process/task_queues:105:5)
    at async getMe (file:///C:/Source/js/inversiones-back/src/controllers/sistema/usuarios_controller.js:73:26)
2025-08-02T15:39:03.454Z [error]: (500) Table 'invest-project.derechos' doesn't exist null
2025-08-02T15:39:03.455Z [error]: stack Error: Table 'invest-project.derechos' doesn't exist
    at dbErrorMsg (file:///C:/Source/js/inversiones-back/src/database/db.js:24:19)
    at UsuariosService.getRolesYDerechos (file:///C:/Source/js/inversiones-back/src/services/sistema/usuarios_service.js:67:19)
    at process.processTicksAndRejections (node:internal/process/task_queues:105:5)
    at async getMe (file:///C:/Source/js/inversiones-back/src/controllers/sistema/usuarios_controller.js:73:26)
2025-08-02T15:39:06.632Z [error]: (500) Table 'invest-project.derechos' doesn't exist null
2025-08-02T15:39:06.632Z [error]: stack Error: Table 'invest-project.derechos' doesn't exist
    at dbErrorMsg (file:///C:/Source/js/inversiones-back/src/database/db.js:24:19)
    at UsuariosService.getRolesYDerechos (file:///C:/Source/js/inversiones-back/src/services/sistema/usuarios_service.js:67:19)
    at process.processTicksAndRejections (node:internal/process/task_queues:105:5)
    at async getMe (file:///C:/Source/js/inversiones-back/src/controllers/sistema/usuarios_controller.js:73:26)
2025-08-02T15:43:45.808Z [error]: (500) Table 'invest-project.derechos' doesn't exist null
2025-08-02T15:43:45.808Z [error]: stack Error: Table 'invest-project.derechos' doesn't exist
    at dbErrorMsg (file:///C:/Source/js/inversiones-back/src/database/db.js:24:19)
    at UsuariosService.getRolesYDerechos (file:///C:/Source/js/inversiones-back/src/services/sistema/usuarios_service.js:67:19)
    at process.processTicksAndRejections (node:internal/process/task_queues:105:5)
    at async getMe (file:///C:/Source/js/inversiones-back/src/controllers/sistema/usuarios_controller.js:73:26)
2025-08-02T15:55:59.822Z [error]: (500) Table 'invest-project.derechos' doesn't exist null
2025-08-02T15:55:59.823Z [error]: stack Error: Table 'invest-project.derechos' doesn't exist
    at dbErrorMsg (file:///C:/Source/js/inversiones-back/src/database/db.js:24:19)
    at UsuariosService.getRolesYDerechos (file:///C:/Source/js/inversiones-back/src/services/sistema/usuarios_service.js:67:19)
    at process.processTicksAndRejections (node:internal/process/task_queues:105:5)
    at async getMe (file:///C:/Source/js/inversiones-back/src/controllers/sistema/usuarios_controller.js:73:26)
2025-08-02T15:56:18.623Z [error]: (500) Table 'invest-project.derechos' doesn't exist null
2025-08-02T15:56:18.624Z [error]: stack Error: Table 'invest-project.derechos' doesn't exist
    at dbErrorMsg (file:///C:/Source/js/inversiones-back/src/database/db.js:24:19)
    at UsuariosService.getRolesYDerechos (file:///C:/Source/js/inversiones-back/src/services/sistema/usuarios_service.js:67:19)
    at process.processTicksAndRejections (node:internal/process/task_queues:105:5)
    at async getMe (file:///C:/Source/js/inversiones-back/src/controllers/sistema/usuarios_controller.js:73:26)
2025-08-02T15:56:21.551Z [error]: (500) Table 'invest-project.derechos' doesn't exist null
2025-08-02T15:56:21.552Z [error]: stack Error: Table 'invest-project.derechos' doesn't exist
    at dbErrorMsg (file:///C:/Source/js/inversiones-back/src/database/db.js:24:19)
    at UsuariosService.getRolesYDerechos (file:///C:/Source/js/inversiones-back/src/services/sistema/usuarios_service.js:67:19)
    at process.processTicksAndRejections (node:internal/process/task_queues:105:5)
    at async getMe (file:///C:/Source/js/inversiones-back/src/controllers/sistema/usuarios_controller.js:73:26)
2025-08-02T15:56:30.771Z [error]: (500) Table 'invest-project.derechos' doesn't exist null
2025-08-02T15:56:30.771Z [error]: stack Error: Table 'invest-project.derechos' doesn't exist
    at dbErrorMsg (file:///C:/Source/js/inversiones-back/src/database/db.js:24:19)
    at UsuariosService.getRolesYDerechos (file:///C:/Source/js/inversiones-back/src/services/sistema/usuarios_service.js:67:19)
    at process.processTicksAndRejections (node:internal/process/task_queues:105:5)
    at async getMe (file:///C:/Source/js/inversiones-back/src/controllers/sistema/usuarios_controller.js:73:26)
2025-08-02T15:56:36.934Z [error]: (500) Table 'invest-project.derechos' doesn't exist null
2025-08-02T15:56:36.935Z [error]: stack Error: Table 'invest-project.derechos' doesn't exist
    at dbErrorMsg (file:///C:/Source/js/inversiones-back/src/database/db.js:24:19)
    at UsuariosService.getRolesYDerechos (file:///C:/Source/js/inversiones-back/src/services/sistema/usuarios_service.js:67:19)
    at process.processTicksAndRejections (node:internal/process/task_queues:105:5)
    at async getMe (file:///C:/Source/js/inversiones-back/src/controllers/sistema/usuarios_controller.js:73:26)
2025-08-02T15:56:51.167Z [error]: (500) Table 'invest-project.derechos' doesn't exist null
2025-08-02T15:56:51.167Z [error]: stack Error: Table 'invest-project.derechos' doesn't exist
    at dbErrorMsg (file:///C:/Source/js/inversiones-back/src/database/db.js:24:19)
    at UsuariosService.getRolesYDerechos (file:///C:/Source/js/inversiones-back/src/services/sistema/usuarios_service.js:67:19)
    at process.processTicksAndRejections (node:internal/process/task_queues:105:5)
    at async getMe (file:///C:/Source/js/inversiones-back/src/controllers/sistema/usuarios_controller.js:73:26)
2025-08-02T15:57:29.103Z [error]: (500) Table 'invest-project.derechos' doesn't exist null
2025-08-02T15:57:29.103Z [error]: stack Error: Table 'invest-project.derechos' doesn't exist
    at dbErrorMsg (file:///C:/Source/js/inversiones-back/src/database/db.js:24:19)
    at UsuariosService.getRolesYDerechos (file:///C:/Source/js/inversiones-back/src/services/sistema/usuarios_service.js:67:19)
    at process.processTicksAndRejections (node:internal/process/task_queues:105:5)
    at async getMe (file:///C:/Source/js/inversiones-back/src/controllers/sistema/usuarios_controller.js:73:26)
2025-08-02T15:57:32.486Z [error]: (500) Table 'invest-project.derechos' doesn't exist null
2025-08-02T15:57:32.486Z [error]: stack Error: Table 'invest-project.derechos' doesn't exist
    at dbErrorMsg (file:///C:/Source/js/inversiones-back/src/database/db.js:24:19)
    at UsuariosService.getRolesYDerechos (file:///C:/Source/js/inversiones-back/src/services/sistema/usuarios_service.js:67:19)
    at process.processTicksAndRejections (node:internal/process/task_queues:105:5)
    at async getMe (file:///C:/Source/js/inversiones-back/src/controllers/sistema/usuarios_controller.js:73:26)
2025-08-02T16:05:05.071Z [error]: (500) Table 'invest-project.derechos' doesn't exist null
2025-08-02T16:05:05.071Z [error]: stack Error: Table 'invest-project.derechos' doesn't exist
    at dbErrorMsg (file:///C:/Source/js/inversiones-back/src/database/db.js:24:19)
    at UsuariosService.getRolesYDerechos (file:///C:/Source/js/inversiones-back/src/services/sistema/usuarios_service.js:67:19)
    at process.processTicksAndRejections (node:internal/process/task_queues:105:5)
    at async getMe (file:///C:/Source/js/inversiones-back/src/controllers/sistema/usuarios_controller.js:73:26)
2025-08-02T16:05:25.932Z [error]: (500) Table 'invest-project.derechos' doesn't exist null
2025-08-02T16:05:25.933Z [error]: stack Error: Table 'invest-project.derechos' doesn't exist
    at dbErrorMsg (file:///C:/Source/js/inversiones-back/src/database/db.js:24:19)
    at UsuariosService.getRolesYDerechos (file:///C:/Source/js/inversiones-back/src/services/sistema/usuarios_service.js:67:19)
    at process.processTicksAndRejections (node:internal/process/task_queues:105:5)
    at async getMe (file:///C:/Source/js/inversiones-back/src/controllers/sistema/usuarios_controller.js:73:26)
2025-08-02T16:05:32.279Z [error]: (500) Table 'invest-project.derechos' doesn't exist null
2025-08-02T16:05:32.279Z [error]: stack Error: Table 'invest-project.derechos' doesn't exist
    at dbErrorMsg (file:///C:/Source/js/inversiones-back/src/database/db.js:24:19)
    at UsuariosService.getRolesYDerechos (file:///C:/Source/js/inversiones-back/src/services/sistema/usuarios_service.js:67:19)
    at process.processTicksAndRejections (node:internal/process/task_queues:105:5)
    at async getMe (file:///C:/Source/js/inversiones-back/src/controllers/sistema/usuarios_controller.js:73:26)
2025-08-02T16:09:48.640Z [error]: (500) Table 'invest-project.derechos' doesn't exist null
2025-08-02T16:09:48.641Z [error]: stack Error: Table 'invest-project.derechos' doesn't exist
    at dbErrorMsg (file:///C:/Source/js/inversiones-back/src/database/db.js:24:19)
    at UsuariosService.getRolesYDerechos (file:///C:/Source/js/inversiones-back/src/services/sistema/usuarios_service.js:67:19)
    at process.processTicksAndRejections (node:internal/process/task_queues:105:5)
    at async getMe (file:///C:/Source/js/inversiones-back/src/controllers/sistema/usuarios_controller.js:73:26)
2025-08-02T16:09:50.603Z [error]: (500) Table 'invest-project.derechos' doesn't exist null
2025-08-02T16:09:50.603Z [error]: stack Error: Table 'invest-project.derechos' doesn't exist
    at dbErrorMsg (file:///C:/Source/js/inversiones-back/src/database/db.js:24:19)
    at UsuariosService.getRolesYDerechos (file:///C:/Source/js/inversiones-back/src/services/sistema/usuarios_service.js:67:19)
    at process.processTicksAndRejections (node:internal/process/task_queues:105:5)
    at async getMe (file:///C:/Source/js/inversiones-back/src/controllers/sistema/usuarios_controller.js:73:26)
2025-08-02T16:09:55.153Z [error]: (500) Table 'invest-project.derechos' doesn't exist null
2025-08-02T16:09:55.153Z [error]: stack Error: Table 'invest-project.derechos' doesn't exist
    at dbErrorMsg (file:///C:/Source/js/inversiones-back/src/database/db.js:24:19)
    at UsuariosService.getRolesYDerechos (file:///C:/Source/js/inversiones-back/src/services/sistema/usuarios_service.js:67:19)
    at process.processTicksAndRejections (node:internal/process/task_queues:105:5)
    at async getMe (file:///C:/Source/js/inversiones-back/src/controllers/sistema/usuarios_controller.js:73:26)
2025-08-02T16:11:11.272Z [error]: (500) Table 'invest-project.derechos' doesn't exist null
2025-08-02T16:11:11.272Z [error]: stack Error: Table 'invest-project.derechos' doesn't exist
    at dbErrorMsg (file:///C:/Source/js/inversiones-back/src/database/db.js:24:19)
    at UsuariosService.getRolesYDerechos (file:///C:/Source/js/inversiones-back/src/services/sistema/usuarios_service.js:67:19)
    at process.processTicksAndRejections (node:internal/process/task_queues:105:5)
    at async getMe (file:///C:/Source/js/inversiones-back/src/controllers/sistema/usuarios_controller.js:73:26)
2025-08-02T16:13:03.065Z [error]: (500) Table 'invest-project.derechos' doesn't exist null
2025-08-02T16:13:03.066Z [error]: stack Error: Table 'invest-project.derechos' doesn't exist
    at dbErrorMsg (file:///C:/Source/js/inversiones-back/src/database/db.js:24:19)
    at UsuariosService.getRolesYDerechos (file:///C:/Source/js/inversiones-back/src/services/sistema/usuarios_service.js:67:19)
    at process.processTicksAndRejections (node:internal/process/task_queues:105:5)
    at async getMe (file:///C:/Source/js/inversiones-back/src/controllers/sistema/usuarios_controller.js:73:26)
2025-08-02T16:13:53.746Z [error]: (500) Table 'invest-project.derechos' doesn't exist null
2025-08-02T16:13:53.746Z [error]: stack Error: Table 'invest-project.derechos' doesn't exist
    at dbErrorMsg (file:///C:/Source/js/inversiones-back/src/database/db.js:24:19)
    at UsuariosService.getRolesYDerechos (file:///C:/Source/js/inversiones-back/src/services/sistema/usuarios_service.js:67:19)
    at process.processTicksAndRejections (node:internal/process/task_queues:105:5)
    at async getMe (file:///C:/Source/js/inversiones-back/src/controllers/sistema/usuarios_controller.js:73:26)
2025-08-02T16:14:42.420Z [error]: (500) Table 'invest-project.derechos' doesn't exist null
2025-08-02T16:14:42.421Z [error]: stack Error: Table 'invest-project.derechos' doesn't exist
    at dbErrorMsg (file:///C:/Source/js/inversiones-back/src/database/db.js:24:19)
    at UsuariosService.getRolesYDerechos (file:///C:/Source/js/inversiones-back/src/services/sistema/usuarios_service.js:67:19)
    at process.processTicksAndRejections (node:internal/process/task_queues:105:5)
    at async getMe (file:///C:/Source/js/inversiones-back/src/controllers/sistema/usuarios_controller.js:73:26)
2025-08-02T16:20:58.725Z [error]: (401) Credenciales Invalidas null
2025-08-02T16:20:58.725Z [error]: stack Error: Credenciales Invalidas
    at dbErrorMsg (file:///C:/Source/js/inversiones-back/src/database/db.js:24:19)
    at UsuariosService.userLogin (file:///C:/Source/js/inversiones-back/src/services/sistema/usuarios_service.js:41:30)
    at async userLogin (file:///C:/Source/js/inversiones-back/src/controllers/sistema/usuarios_controller.js:43:27)
