2025-08-02T01:49:19.759Z [info]: Server running http://localhost:5050
2025-08-02T01:53:03.000Z [info]: Server running http://localhost:5050
2025-08-02T01:56:40.716Z [info]: Server running http://localhost:5050
2025-08-02T01:57:33.048Z [warn]: 404 Not Found: GET / - IP: ::1
2025-08-02T01:57:33.052Z [info]: Received GET for / - Status: 404 - Time: 5ms - At: 2025-08-02T01:57:33.052Z - from clientIP: ::1
2025-08-02T01:57:33.100Z [warn]: 404 Not Found: GET /favicon.ico - IP: ::1
2025-08-02T01:57:33.101Z [info]: Received GET for /favicon.ico - Status: 404 - Time: 2ms - At: 2025-08-02T01:57:33.101Z - from clientIP: ::1
2025-08-02T01:59:36.444Z [info]: Server running http://localhost:5050
2025-08-02T02:07:22.531Z [info]: Server running http://localhost:5050
2025-08-02T02:10:05.267Z [error]: (500) Cannot read properties of undefined (reading 'toJson') null
2025-08-02T02:10:05.267Z [error]: stack TypeError: Cannot read properties of undefined (reading 'toJson')
    at userRegister (file:///C:/Source/js/inversiones-back/src/controllers/sistema/usuarios_controller.js:20:42)
    at process.processTicksAndRejections (node:internal/process/task_queues:105:5)
2025-08-02T02:10:05.269Z [info]: Received POST for /api/usuarios/register/ - Status: 500 - Time: 73ms - At: 2025-08-02T02:10:05.269Z - from clientIP: ::ffff:127.0.0.1
2025-08-02T02:15:46.964Z [info]: Server running http://localhost:5050
2025-08-02T02:15:54.441Z [error]: (500) Access denied for user 'netrona'@'%' to database 'invest-project' null
2025-08-02T02:15:54.442Z [error]: stack Error: Access denied for user 'netrona'@'%' to database 'invest-project'
    at dbErrorMsg (file:///C:/Source/js/inversiones-back/src/database/db.js:24:19)
    at UsuariosService.userRegister (file:///C:/Source/js/inversiones-back/src/services/sistema/usuarios_service.js:20:19)
    at process.processTicksAndRejections (node:internal/process/task_queues:105:5)
    at async userRegister (file:///C:/Source/js/inversiones-back/src/controllers/sistema/usuarios_controller.js:19:29)
2025-08-02T02:15:54.444Z [info]: Received POST for /api/usuarios/register/ - Status: 500 - Time: 24ms - At: 2025-08-02T02:15:54.444Z - from clientIP: ::ffff:127.0.0.1
2025-08-02T02:17:10.519Z [info]: Received POST for /api/usuarios/register/ - Status: 200 - Time: 23ms - At: 2025-08-02T02:17:10.518Z - from clientIP: ::ffff:127.0.0.1
2025-08-02T02:31:03.530Z [info]: Server running http://localhost:5050
2025-08-02T02:31:06.183Z [info]: Received POST for /api/usuarios/login/ - Status: 200 - Time: 14ms - At: 2025-08-02T02:31:06.183Z - from clientIP: ::ffff:127.0.0.1
2025-08-02T02:31:32.997Z [info]: Received POST for /api/usuarios/login/ - Status: 200 - Time: 2ms - At: 2025-08-02T02:31:32.997Z - from clientIP: ::ffff:127.0.0.1
2025-08-02T02:32:10.808Z [info]: Received POST for /api/usuarios/login/ - Status: 200 - Time: 1ms - At: 2025-08-02T02:32:10.807Z - from clientIP: ::ffff:127.0.0.1
2025-08-02T02:40:32.870Z [info]: Server running http://localhost:5050
2025-08-02T02:41:27.826Z [info]: Received POST for /api/usuarios/register/ - Status: 200 - Time: 31ms - At: 2025-08-02T02:41:27.826Z - from clientIP: ::ffff:127.0.0.1
2025-08-02T02:41:50.050Z [error]: (500) Duplicate entry 'p.berdasco@gmail.com' for key 'usuarios.mail_Unique' null
2025-08-02T02:41:50.051Z [error]: stack Error: Duplicate entry 'p.berdasco@gmail.com' for key 'usuarios.mail_Unique'
    at dbErrorMsg (file:///C:/Source/js/inversiones-back/src/database/db.js:24:19)
    at UsuariosService.userRegister (file:///C:/Source/js/inversiones-back/src/services/sistema/usuarios_service.js:20:19)
    at process.processTicksAndRejections (node:internal/process/task_queues:105:5)
    at async userRegister (file:///C:/Source/js/inversiones-back/src/controllers/sistema/usuarios_controller.js:22:29)
2025-08-02T02:41:50.052Z [info]: Received POST for /api/usuarios/register/ - Status: 500 - Time: 19ms - At: 2025-08-02T02:41:50.052Z - from clientIP: ::ffff:127.0.0.1
2025-08-02T02:42:09.727Z [info]: Received POST for /api/usuarios/login/ - Status: 200 - Time: 4ms - At: 2025-08-02T02:42:09.727Z - from clientIP: ::ffff:127.0.0.1
2025-08-02T02:42:12.299Z [info]: Received POST for /api/usuarios/login/ - Status: 200 - Time: 2ms - At: 2025-08-02T02:42:12.299Z - from clientIP: ::ffff:127.0.0.1
2025-08-02T02:42:31.173Z [error]: (500) Cannot read properties of undefined (reading 'map') null
2025-08-02T02:42:31.174Z [error]: stack TypeError: Cannot read properties of undefined (reading 'map')
    at UsuariosController.bodyValidations (file:///C:/Source/js/inversiones-back/src/controllers/sistema/usuarios_controller.js:60:40)
    at userLogin (file:///C:/Source/js/inversiones-back/src/controllers/sistema/usuarios_controller.js:40:61)
    at Layer.handleRequest (C:\Source\js\inversiones-back\node_modules\router\lib\layer.js:152:17)
    at next (C:\Source\js\inversiones-back\node_modules\router\lib\route.js:157:13)
    at Route.dispatch (C:\Source\js\inversiones-back\node_modules\router\lib\route.js:117:3)
    at handle (C:\Source\js\inversiones-back\node_modules\router\index.js:435:11)
    at Layer.handleRequest (C:\Source\js\inversiones-back\node_modules\router\lib\layer.js:152:17)
    at C:\Source\js\inversiones-back\node_modules\router\index.js:295:15
    at processParams (C:\Source\js\inversiones-back\node_modules\router\index.js:582:12)
    at next (C:\Source\js\inversiones-back\node_modules\router\index.js:291:5)
2025-08-02T02:42:31.175Z [info]: Received POST for /api/usuarios/login/ - Status: 500 - Time: 3ms - At: 2025-08-02T02:42:31.175Z - from clientIP: ::ffff:127.0.0.1
2025-08-02T02:44:13.888Z [info]: Server running http://localhost:5050
2025-08-02T02:44:17.941Z [error]: (500) Cannot read properties of undefined (reading 'map') null
2025-08-02T02:44:17.941Z [error]: stack TypeError: Cannot read properties of undefined (reading 'map')
    at UsuariosController.bodyValidations (file:///C:/Source/js/inversiones-back/src/controllers/sistema/usuarios_controller.js:62:40)
    at userLogin (file:///C:/Source/js/inversiones-back/src/controllers/sistema/usuarios_controller.js:40:61)
    at Layer.handleRequest (C:\Source\js\inversiones-back\node_modules\router\lib\layer.js:152:17)
    at next (C:\Source\js\inversiones-back\node_modules\router\lib\route.js:157:13)
    at Route.dispatch (C:\Source\js\inversiones-back\node_modules\router\lib\route.js:117:3)
    at handle (C:\Source\js\inversiones-back\node_modules\router\index.js:435:11)
    at Layer.handleRequest (C:\Source\js\inversiones-back\node_modules\router\lib\layer.js:152:17)
    at C:\Source\js\inversiones-back\node_modules\router\index.js:295:15
    at processParams (C:\Source\js\inversiones-back\node_modules\router\index.js:582:12)
    at next (C:\Source\js\inversiones-back\node_modules\router\index.js:291:5)
2025-08-02T02:44:17.944Z [info]: Received POST for /api/usuarios/login/ - Status: 500 - Time: 7ms - At: 2025-08-02T02:44:17.944Z - from clientIP: ::ffff:127.0.0.1
2025-08-02T02:50:32.093Z [info]: Server running http://localhost:5050
2025-08-02T02:50:37.932Z [error]: (500) ZodError is not defined null
2025-08-02T02:50:37.933Z [error]: stack ReferenceError: ZodError is not defined
    at UsuariosController.bodyValidations (file:///C:/Source/js/inversiones-back/src/controllers/sistema/usuarios_controller.js:61:76)
    at userLogin (file:///C:/Source/js/inversiones-back/src/controllers/sistema/usuarios_controller.js:40:61)
    at Layer.handleRequest (C:\Source\js\inversiones-back\node_modules\router\lib\layer.js:152:17)
    at next (C:\Source\js\inversiones-back\node_modules\router\lib\route.js:157:13)
    at Route.dispatch (C:\Source\js\inversiones-back\node_modules\router\lib\route.js:117:3)
    at handle (C:\Source\js\inversiones-back\node_modules\router\index.js:435:11)
    at Layer.handleRequest (C:\Source\js\inversiones-back\node_modules\router\lib\layer.js:152:17)
    at C:\Source\js\inversiones-back\node_modules\router\index.js:295:15
    at processParams (C:\Source\js\inversiones-back\node_modules\router\index.js:582:12)
    at next (C:\Source\js\inversiones-back\node_modules\router\index.js:291:5)
2025-08-02T02:50:37.936Z [info]: Received POST for /api/usuarios/login/ - Status: 500 - Time: 6ms - At: 2025-08-02T02:50:37.935Z - from clientIP: ::ffff:127.0.0.1
2025-08-02T02:51:31.252Z [info]: Server running http://localhost:5050
2025-08-02T02:51:34.522Z [error]: (500) Cannot read properties of undefined (reading 'map') null
2025-08-02T02:51:34.523Z [error]: stack TypeError: Cannot read properties of undefined (reading 'map')
    at UsuariosController.bodyValidations (file:///C:/Source/js/inversiones-back/src/controllers/sistema/usuarios_controller.js:66:40)
    at userLogin (file:///C:/Source/js/inversiones-back/src/controllers/sistema/usuarios_controller.js:40:61)
    at Layer.handleRequest (C:\Source\js\inversiones-back\node_modules\router\lib\layer.js:152:17)
    at next (C:\Source\js\inversiones-back\node_modules\router\lib\route.js:157:13)
    at Route.dispatch (C:\Source\js\inversiones-back\node_modules\router\lib\route.js:117:3)
    at handle (C:\Source\js\inversiones-back\node_modules\router\index.js:435:11)
    at Layer.handleRequest (C:\Source\js\inversiones-back\node_modules\router\lib\layer.js:152:17)
    at C:\Source\js\inversiones-back\node_modules\router\index.js:295:15
    at processParams (C:\Source\js\inversiones-back\node_modules\router\index.js:582:12)
    at next (C:\Source\js\inversiones-back\node_modules\router\index.js:291:5)
2025-08-02T02:51:34.527Z [info]: Received POST for /api/usuarios/login/ - Status: 500 - Time: 12ms - At: 2025-08-02T02:51:34.527Z - from clientIP: ::ffff:127.0.0.1
2025-08-02T02:53:49.053Z [info]: Server running http://localhost:5050
2025-08-02T02:53:53.538Z [error]: (400) Problemas con el req.body [{"field":"password","message":"Invalid input: expected string, received undefined"}]
2025-08-02T02:53:53.539Z [error]: stack Error: Problemas con el req.body
    at userLogin (file:///C:/Source/js/inversiones-back/src/controllers/sistema/usuarios_controller.js:41:59)
    at Layer.handleRequest (C:\Source\js\inversiones-back\node_modules\router\lib\layer.js:152:17)
    at next (C:\Source\js\inversiones-back\node_modules\router\lib\route.js:157:13)
    at Route.dispatch (C:\Source\js\inversiones-back\node_modules\router\lib\route.js:117:3)
    at handle (C:\Source\js\inversiones-back\node_modules\router\index.js:435:11)
    at Layer.handleRequest (C:\Source\js\inversiones-back\node_modules\router\lib\layer.js:152:17)
    at C:\Source\js\inversiones-back\node_modules\router\index.js:295:15
    at processParams (C:\Source\js\inversiones-back\node_modules\router\index.js:582:12)
    at next (C:\Source\js\inversiones-back\node_modules\router\index.js:291:5)
    at Function.handle (C:\Source\js\inversiones-back\node_modules\router\index.js:186:3)
2025-08-02T02:53:53.542Z [info]: Received POST for /api/usuarios/login/ - Status: 400 - Time: 6ms - At: 2025-08-02T02:53:53.542Z - from clientIP: ::ffff:127.0.0.1
2025-08-02T02:57:17.639Z [info]: Server running http://localhost:5050
2025-08-02T02:57:21.353Z [error]: (400) Problemas con el req.body [{"field":"password","message":"Invalid input: expected string, received undefined"}]
2025-08-02T02:57:21.354Z [error]: stack Error: Problemas con el req.body
    at userLogin (file:///C:/Source/js/inversiones-back/src/controllers/sistema/usuarios_controller.js:41:59)
    at Layer.handleRequest (C:\Source\js\inversiones-back\node_modules\router\lib\layer.js:152:17)
    at next (C:\Source\js\inversiones-back\node_modules\router\lib\route.js:157:13)
    at Route.dispatch (C:\Source\js\inversiones-back\node_modules\router\lib\route.js:117:3)
    at handle (C:\Source\js\inversiones-back\node_modules\router\index.js:435:11)
    at Layer.handleRequest (C:\Source\js\inversiones-back\node_modules\router\lib\layer.js:152:17)
    at C:\Source\js\inversiones-back\node_modules\router\index.js:295:15
    at processParams (C:\Source\js\inversiones-back\node_modules\router\index.js:582:12)
    at next (C:\Source\js\inversiones-back\node_modules\router\index.js:291:5)
    at Function.handle (C:\Source\js\inversiones-back\node_modules\router\index.js:186:3)
2025-08-02T02:57:21.357Z [info]: Received POST for /api/usuarios/login/ - Status: 400 - Time: 6ms - At: 2025-08-02T02:57:21.357Z - from clientIP: ::ffff:127.0.0.1
2025-08-02T03:01:39.713Z [info]: Server running http://localhost:5050
2025-08-02T03:01:43.706Z [error]: (400) Problemas con el req.body [{"field":"password","message":"Invalid input: expected string, received undefined"}]
2025-08-02T03:01:43.707Z [error]: stack Error: Problemas con el req.body
    at userLogin (file:///C:/Source/js/inversiones-back/src/controllers/sistema/usuarios_controller.js:41:59)
    at Layer.handleRequest (C:\Source\js\inversiones-back\node_modules\router\lib\layer.js:152:17)
    at next (C:\Source\js\inversiones-back\node_modules\router\lib\route.js:157:13)
    at Route.dispatch (C:\Source\js\inversiones-back\node_modules\router\lib\route.js:117:3)
    at handle (C:\Source\js\inversiones-back\node_modules\router\index.js:435:11)
    at Layer.handleRequest (C:\Source\js\inversiones-back\node_modules\router\lib\layer.js:152:17)
    at C:\Source\js\inversiones-back\node_modules\router\index.js:295:15
    at processParams (C:\Source\js\inversiones-back\node_modules\router\index.js:582:12)
    at next (C:\Source\js\inversiones-back\node_modules\router\index.js:291:5)
    at Function.handle (C:\Source\js\inversiones-back\node_modules\router\index.js:186:3)
2025-08-02T03:01:43.710Z [info]: Received POST for /api/usuarios/login/ - Status: 400 - Time: 7ms - At: 2025-08-02T03:01:43.710Z - from clientIP: ::ffff:127.0.0.1
2025-08-02T03:03:28.199Z [info]: Received POST for /api/usuarios/login/ - Status: 200 - Time: 14ms - At: 2025-08-02T03:03:28.199Z - from clientIP: ::ffff:127.0.0.1
2025-08-02T03:03:30.694Z [info]: Received POST for /api/usuarios/login/ - Status: 200 - Time: 2ms - At: 2025-08-02T03:03:30.694Z - from clientIP: ::ffff:127.0.0.1
2025-08-02T03:14:00.035Z [info]: Server running http://localhost:5050
2025-08-02T03:14:07.106Z [info]: Received POST for /api/usuarios/login/ - Status: 200 - Time: 14ms - At: 2025-08-02T03:14:07.106Z - from clientIP: ::ffff:127.0.0.1
2025-08-02T03:14:09.549Z [error]: (400) Problemas con el req.body [{"field":"password","message":"Invalid input: expected string, received undefined"}]
2025-08-02T03:14:09.550Z [error]: stack Error: Problemas con el req.body
    at userLogin (file:///C:/Source/js/inversiones-back/src/controllers/sistema/usuarios_controller.js:41:59)
    at Layer.handleRequest (C:\Source\js\inversiones-back\node_modules\router\lib\layer.js:152:17)
    at next (C:\Source\js\inversiones-back\node_modules\router\lib\route.js:157:13)
    at Route.dispatch (C:\Source\js\inversiones-back\node_modules\router\lib\route.js:117:3)
    at handle (C:\Source\js\inversiones-back\node_modules\router\index.js:435:11)
    at Layer.handleRequest (C:\Source\js\inversiones-back\node_modules\router\lib\layer.js:152:17)
    at C:\Source\js\inversiones-back\node_modules\router\index.js:295:15
    at processParams (C:\Source\js\inversiones-back\node_modules\router\index.js:582:12)
    at next (C:\Source\js\inversiones-back\node_modules\router\index.js:291:5)
    at Function.handle (C:\Source\js\inversiones-back\node_modules\router\index.js:186:3)
2025-08-02T03:14:09.552Z [info]: Received POST for /api/usuarios/login/ - Status: 400 - Time: 4ms - At: 2025-08-02T03:14:09.552Z - from clientIP: ::ffff:127.0.0.1
2025-08-02T03:21:53.840Z [info]: Server running http://localhost:5050
2025-08-02T03:22:01.218Z [error]: (400) Problemas con el req.body [{"field":"password","message":"Invalid input: expected string, received undefined"}]
2025-08-02T03:22:01.218Z [error]: stack Error: Problemas con el req.body
    at userLogin (file:///C:/Source/js/inversiones-back/src/controllers/sistema/usuarios_controller.js:41:59)
    at Layer.handleRequest (C:\Source\js\inversiones-back\node_modules\router\lib\layer.js:152:17)
    at next (C:\Source\js\inversiones-back\node_modules\router\lib\route.js:157:13)
    at Route.dispatch (C:\Source\js\inversiones-back\node_modules\router\lib\route.js:117:3)
    at handle (C:\Source\js\inversiones-back\node_modules\router\index.js:435:11)
    at Layer.handleRequest (C:\Source\js\inversiones-back\node_modules\router\lib\layer.js:152:17)
    at C:\Source\js\inversiones-back\node_modules\router\index.js:295:15
    at processParams (C:\Source\js\inversiones-back\node_modules\router\index.js:582:12)
    at next (C:\Source\js\inversiones-back\node_modules\router\index.js:291:5)
    at Function.handle (C:\Source\js\inversiones-back\node_modules\router\index.js:186:3)
2025-08-02T03:22:01.222Z [info]: Received POST for /api/usuarios/login/ - Status: 400 - Time: 5ms - At: 2025-08-02T03:22:01.221Z - from clientIP: ::ffff:127.0.0.1
2025-08-02T03:22:04.118Z [info]: Received POST for /api/usuarios/login/ - Status: 200 - Time: 13ms - At: 2025-08-02T03:22:04.118Z - from clientIP: ::ffff:127.0.0.1
2025-08-02T03:24:09.264Z [info]: Server running http://localhost:5050
2025-08-02T03:24:16.835Z [info]: Received POST for /api/usuarios/login/ - Status: 200 - Time: 14ms - At: 2025-08-02T03:24:16.834Z - from clientIP: ::ffff:127.0.0.1
2025-08-02T03:24:24.643Z [error]: (500) Duplicate entry 'p.berdasco@gmail.com' for key 'usuarios.mail_Unique' null
2025-08-02T03:24:24.644Z [error]: stack Error: Duplicate entry 'p.berdasco@gmail.com' for key 'usuarios.mail_Unique'
    at dbErrorMsg (file:///C:/Source/js/inversiones-back/src/database/db.js:24:19)
    at UsuariosService.userRegister (file:///C:/Source/js/inversiones-back/src/services/sistema/usuarios_service.js:22:19)
    at process.processTicksAndRejections (node:internal/process/task_queues:105:5)
    at async userRegister (file:///C:/Source/js/inversiones-back/src/controllers/sistema/usuarios_controller.js:22:29)
2025-08-02T03:24:24.646Z [info]: Received POST for /api/usuarios/register/ - Status: 500 - Time: 24ms - At: 2025-08-02T03:24:24.646Z - from clientIP: ::ffff:127.0.0.1
2025-08-02T03:25:45.940Z [info]: Server running http://localhost:5050
2025-08-02T03:25:50.490Z [error]: (500) Duplicate entry 'p.berdasco@gmail.com' for key 'usuarios.mail_Unique' null
2025-08-02T03:25:50.491Z [error]: stack Error: Duplicate entry 'p.berdasco@gmail.com' for key 'usuarios.mail_Unique'
    at dbErrorMsg (file:///C:/Source/js/inversiones-back/src/database/db.js:24:19)
    at UsuariosService.userRegister (file:///C:/Source/js/inversiones-back/src/services/sistema/usuarios_service.js:22:19)
    at process.processTicksAndRejections (node:internal/process/task_queues:105:5)
    at async userRegister (file:///C:/Source/js/inversiones-back/src/controllers/sistema/usuarios_controller.js:22:29)
2025-08-02T03:25:50.493Z [info]: Received POST for /api/usuarios/register/ - Status: 500 - Time: 30ms - At: 2025-08-02T03:25:50.493Z - from clientIP: ::ffff:127.0.0.1
2025-08-02T03:27:19.928Z [info]: Server running http://localhost:5050
2025-08-02T03:27:27.571Z [error]: (500) Duplicate entry 'p.berdasco@gmail.com' for key 'usuarios.mail_Unique' null
2025-08-02T03:27:27.572Z [error]: stack Error: Duplicate entry 'p.berdasco@gmail.com' for key 'usuarios.mail_Unique'
    at dbErrorMsg (file:///C:/Source/js/inversiones-back/src/database/db.js:24:19)
    at UsuariosService.userRegister (file:///C:/Source/js/inversiones-back/src/services/sistema/usuarios_service.js:22:19)
    at process.processTicksAndRejections (node:internal/process/task_queues:105:5)
    at async userRegister (file:///C:/Source/js/inversiones-back/src/controllers/sistema/usuarios_controller.js:22:29)
2025-08-02T03:27:27.574Z [info]: Received POST for /api/usuarios/register/ - Status: 500 - Time: 30ms - At: 2025-08-02T03:27:27.574Z - from clientIP: ::ffff:127.0.0.1
2025-08-02T03:28:45.902Z [info]: Server running http://localhost:5050
2025-08-02T03:28:52.111Z [error]: (500) Duplicate entry 'p.berdasco@gmail.com' for key 'usuarios.mail_Unique' null
2025-08-02T03:28:52.112Z [error]: stack Error: Duplicate entry 'p.berdasco@gmail.com' for key 'usuarios.mail_Unique'
    at dbErrorMsg (file:///C:/Source/js/inversiones-back/src/database/db.js:26:19)
    at UsuariosService.userRegister (file:///C:/Source/js/inversiones-back/src/services/sistema/usuarios_service.js:22:19)
    at process.processTicksAndRejections (node:internal/process/task_queues:105:5)
    at async userRegister (file:///C:/Source/js/inversiones-back/src/controllers/sistema/usuarios_controller.js:22:29)
2025-08-02T03:28:52.114Z [info]: Received POST for /api/usuarios/register/ - Status: 500 - Time: 31ms - At: 2025-08-02T03:28:52.114Z - from clientIP: ::ffff:127.0.0.1
2025-08-02T03:31:54.289Z [info]: Server running http://localhost:5050
2025-08-02T03:32:04.211Z [error]: (500) Duplicate entry 'p.berdasco@gmail.com' for key 'usuarios.mail_Unique' null
2025-08-02T03:32:04.212Z [error]: stack Error: Duplicate entry 'p.berdasco@gmail.com' for key 'usuarios.mail_Unique'
    at dbErrorMsg (file:///C:/Source/js/inversiones-back/src/database/db.js:26:19)
    at UsuariosService.userRegister (file:///C:/Source/js/inversiones-back/src/services/sistema/usuarios_service.js:22:19)
    at process.processTicksAndRejections (node:internal/process/task_queues:105:5)
    at async userRegister (file:///C:/Source/js/inversiones-back/src/controllers/sistema/usuarios_controller.js:22:29)
2025-08-02T03:32:04.214Z [info]: Received POST for /api/usuarios/register/ - Status: 500 - Time: 30ms - At: 2025-08-02T03:32:04.214Z - from clientIP: ::ffff:127.0.0.1
2025-08-02T03:34:07.441Z [info]: Server running http://localhost:5050
2025-08-02T03:34:10.068Z [error]: (409) El usuario ya existe null
2025-08-02T03:34:10.068Z [error]: stack Error: El usuario ya existe
    at dbErrorMsg (file:///C:/Source/js/inversiones-back/src/database/db.js:24:19)
    at UsuariosService.userRegister (file:///C:/Source/js/inversiones-back/src/services/sistema/usuarios_service.js:21:55)
    at process.processTicksAndRejections (node:internal/process/task_queues:105:5)
    at async userRegister (file:///C:/Source/js/inversiones-back/src/controllers/sistema/usuarios_controller.js:22:29)
2025-08-02T03:34:10.070Z [info]: Received POST for /api/usuarios/register/ - Status: 409 - Time: 30ms - At: 2025-08-02T03:34:10.070Z - from clientIP: ::ffff:127.0.0.1
2025-08-02T03:34:18.682Z [info]: Received POST for /api/usuarios/login/ - Status: 200 - Time: 5ms - At: 2025-08-02T03:34:18.682Z - from clientIP: ::ffff:127.0.0.1
2025-08-02T03:38:01.442Z [info]: Server running http://localhost:5050
2025-08-02T03:38:33.710Z [info]: Received POST for /api/usuarios/login/ - Status: 200 - Time: 21ms - At: 2025-08-02T03:38:33.710Z - from clientIP: ::ffff:127.0.0.1
2025-08-02T03:39:37.542Z [info]: Received POST for /api/usuarios/login/ - Status: 200 - Time: 3ms - At: 2025-08-02T03:39:37.542Z - from clientIP: ::ffff:127.0.0.1
2025-08-02T03:39:40.330Z [info]: Received POST for /api/usuarios/login/ - Status: 200 - Time: 2ms - At: 2025-08-02T03:39:40.330Z - from clientIP: ::ffff:127.0.0.1
2025-08-02T03:40:25.774Z [info]: Received POST for /api/usuarios/login/ - Status: 200 - Time: 2ms - At: 2025-08-02T03:40:25.774Z - from clientIP: ::ffff:127.0.0.1
2025-08-02T03:41:50.299Z [info]: Server running http://localhost:5050
2025-08-02T03:42:05.224Z [error]: (500) Error interno de la base de datos null
2025-08-02T03:42:05.225Z [error]: stack Error: Error interno de la base de datos
    at dbErrorMsg (file:///C:/Source/js/inversiones-back/src/database/db.js:24:19)
    at UsuariosService.userLogin (file:///C:/Source/js/inversiones-back/src/services/sistema/usuarios_service.js:48:19)
    at process.processTicksAndRejections (node:internal/process/task_queues:105:5)
    at async userLogin (file:///C:/Source/js/inversiones-back/src/controllers/sistema/usuarios_controller.js:42:26)
2025-08-02T03:42:05.227Z [info]: Received POST for /api/usuarios/login/ - Status: 500 - Time: 18ms - At: 2025-08-02T03:42:05.227Z - from clientIP: ::ffff:127.0.0.1
2025-08-02T03:44:28.358Z [info]: Server running http://localhost:5050
2025-08-02T03:44:38.581Z [error]: (500) Error interno de la base de datos null
2025-08-02T03:44:38.582Z [error]: stack Error: Error interno de la base de datos
    at dbErrorMsg (file:///C:/Source/js/inversiones-back/src/database/db.js:24:19)
    at UsuariosService.userLogin (file:///C:/Source/js/inversiones-back/src/services/sistema/usuarios_service.js:52:19)
    at process.processTicksAndRejections (node:internal/process/task_queues:105:5)
    at async userLogin (file:///C:/Source/js/inversiones-back/src/controllers/sistema/usuarios_controller.js:42:26)
2025-08-02T03:44:38.584Z [info]: Received POST for /api/usuarios/login/ - Status: 500 - Time: 18ms - At: 2025-08-02T03:44:38.584Z - from clientIP: ::ffff:127.0.0.1
2025-08-02T03:46:13.071Z [info]: Server running http://localhost:5050
2025-08-02T03:46:18.850Z [error]: (409) El usuario ya existe null
2025-08-02T03:46:18.851Z [error]: stack Error: El usuario ya existe
    at dbErrorMsg (file:///C:/Source/js/inversiones-back/src/database/db.js:24:19)
    at UsuariosService.userRegister (file:///C:/Source/js/inversiones-back/src/services/sistema/usuarios_service.js:19:55)
    at process.processTicksAndRejections (node:internal/process/task_queues:105:5)
    at async userRegister (file:///C:/Source/js/inversiones-back/src/controllers/sistema/usuarios_controller.js:22:29)
2025-08-02T03:46:18.854Z [info]: Received POST for /api/usuarios/register/ - Status: 409 - Time: 30ms - At: 2025-08-02T03:46:18.854Z - from clientIP: ::ffff:127.0.0.1
2025-08-02T03:46:23.920Z [error]: (500) Error interno de la base de datos null
2025-08-02T03:46:23.920Z [error]: stack Error: Error interno de la base de datos
    at dbErrorMsg (file:///C:/Source/js/inversiones-back/src/database/db.js:24:19)
    at UsuariosService.userLogin (file:///C:/Source/js/inversiones-back/src/services/sistema/usuarios_service.js:52:19)
    at process.processTicksAndRejections (node:internal/process/task_queues:105:5)
    at async userLogin (file:///C:/Source/js/inversiones-back/src/controllers/sistema/usuarios_controller.js:42:26)
2025-08-02T03:46:23.921Z [info]: Received POST for /api/usuarios/login/ - Status: 500 - Time: 8ms - At: 2025-08-02T03:46:23.921Z - from clientIP: ::ffff:127.0.0.1
2025-08-02T03:48:10.456Z [info]: Server running http://localhost:5050
2025-08-02T03:48:19.169Z [error]: (500) Error interno de la base de datos null
2025-08-02T03:48:19.169Z [error]: stack Error: Error interno de la base de datos
    at dbErrorMsg (file:///C:/Source/js/inversiones-back/src/database/db.js:24:19)
    at UsuariosService.userLogin (file:///C:/Source/js/inversiones-back/src/services/sistema/usuarios_service.js:55:19)
    at process.processTicksAndRejections (node:internal/process/task_queues:105:5)
    at async userLogin (file:///C:/Source/js/inversiones-back/src/controllers/sistema/usuarios_controller.js:42:26)
2025-08-02T03:48:19.171Z [info]: Received POST for /api/usuarios/login/ - Status: 500 - Time: 20ms - At: 2025-08-02T03:48:19.171Z - from clientIP: ::ffff:127.0.0.1
2025-08-02T03:49:42.873Z [info]: Server running http://localhost:5050
2025-08-02T03:49:48.538Z [error]: (500) Error interno de la base de datos null
2025-08-02T03:49:48.538Z [error]: stack Error: Error interno de la base de datos
    at dbErrorMsg (file:///C:/Source/js/inversiones-back/src/database/db.js:24:19)
    at UsuariosService.userLogin (file:///C:/Source/js/inversiones-back/src/services/sistema/usuarios_service.js:55:19)
    at async userLogin (file:///C:/Source/js/inversiones-back/src/controllers/sistema/usuarios_controller.js:42:26)
2025-08-02T03:49:48.540Z [info]: Received POST for /api/usuarios/login/ - Status: 500 - Time: 34ms - At: 2025-08-02T03:49:48.540Z - from clientIP: ::ffff:127.0.0.1
2025-08-02T03:52:28.050Z [info]: Server running http://localhost:5050
2025-08-02T03:52:34.612Z [error]: (500) Error interno de la base de datos null
2025-08-02T03:52:34.612Z [error]: stack Error: Error interno de la base de datos
    at dbErrorMsg (file:///C:/Source/js/inversiones-back/src/database/db.js:24:19)
    at UsuariosService.userLogin (file:///C:/Source/js/inversiones-back/src/services/sistema/usuarios_service.js:55:19)
    at async userLogin (file:///C:/Source/js/inversiones-back/src/controllers/sistema/usuarios_controller.js:42:26)
2025-08-02T03:52:34.615Z [info]: Received POST for /api/usuarios/login/ - Status: 500 - Time: 33ms - At: 2025-08-02T03:52:34.615Z - from clientIP: ::ffff:127.0.0.1
2025-08-02T03:53:27.460Z [info]: Server running http://localhost:5050
2025-08-02T03:53:33.395Z [error]: (500) Error interno de la base de datos null
2025-08-02T03:53:33.395Z [error]: stack Error: Error interno de la base de datos
    at dbErrorMsg (file:///C:/Source/js/inversiones-back/src/database/db.js:24:19)
    at UsuariosService.userLogin (file:///C:/Source/js/inversiones-back/src/services/sistema/usuarios_service.js:49:19)
    at async userLogin (file:///C:/Source/js/inversiones-back/src/controllers/sistema/usuarios_controller.js:42:26)
2025-08-02T03:53:33.397Z [info]: Received POST for /api/usuarios/login/ - Status: 500 - Time: 30ms - At: 2025-08-02T03:53:33.397Z - from clientIP: ::ffff:127.0.0.1
2025-08-02T04:10:40.435Z [info]: Server running http://localhost:5050
2025-08-02T04:10:48.365Z [info]: Received POST for /api/usuarios/login/ - Status: 200 - Time: 31ms - At: 2025-08-02T04:10:48.365Z - from clientIP: ::ffff:127.0.0.1
2025-08-02T04:11:03.272Z [error]: (401) Credenciales Invalidas null
2025-08-02T04:11:03.272Z [error]: stack Error: Credenciales Invalidas
    at dbErrorMsg (file:///C:/Source/js/inversiones-back/src/database/db.js:24:19)
    at UsuariosService.userLogin (file:///C:/Source/js/inversiones-back/src/services/sistema/usuarios_service.js:41:30)
    at async userLogin (file:///C:/Source/js/inversiones-back/src/controllers/sistema/usuarios_controller.js:42:26)
2025-08-02T04:11:03.273Z [info]: Received POST for /api/usuarios/login/ - Status: 401 - Time: 18ms - At: 2025-08-02T04:11:03.273Z - from clientIP: ::ffff:127.0.0.1
2025-08-02T04:11:08.077Z [error]: (401) Credenciales Invalidas null
2025-08-02T04:11:08.078Z [error]: stack Error: Credenciales Invalidas
    at dbErrorMsg (file:///C:/Source/js/inversiones-back/src/database/db.js:24:19)
    at UsuariosService.userLogin (file:///C:/Source/js/inversiones-back/src/services/sistema/usuarios_service.js:36:42)
    at process.processTicksAndRejections (node:internal/process/task_queues:105:5)
    at async userLogin (file:///C:/Source/js/inversiones-back/src/controllers/sistema/usuarios_controller.js:42:26)
2025-08-02T04:11:08.079Z [info]: Received POST for /api/usuarios/login/ - Status: 401 - Time: 5ms - At: 2025-08-02T04:11:08.079Z - from clientIP: ::ffff:127.0.0.1
2025-08-02T04:11:17.679Z [error]: (400) Problemas con el req.body [{"field":"password","message":"Invalid input: expected string, received undefined"}]
2025-08-02T04:11:17.679Z [error]: stack Error: Problemas con el req.body
    at throwValidationError (file:///C:/Source/js/inversiones-back/src/controllers/validations.js:33:25)
    at userLogin (file:///C:/Source/js/inversiones-back/src/controllers/sistema/usuarios_controller.js:41:39)
    at Layer.handleRequest (C:\Source\js\inversiones-back\node_modules\router\lib\layer.js:152:17)
    at next (C:\Source\js\inversiones-back\node_modules\router\lib\route.js:157:13)
    at Route.dispatch (C:\Source\js\inversiones-back\node_modules\router\lib\route.js:117:3)
    at handle (C:\Source\js\inversiones-back\node_modules\router\index.js:435:11)
    at Layer.handleRequest (C:\Source\js\inversiones-back\node_modules\router\lib\layer.js:152:17)
    at C:\Source\js\inversiones-back\node_modules\router\index.js:295:15
    at processParams (C:\Source\js\inversiones-back\node_modules\router\index.js:582:12)
    at next (C:\Source\js\inversiones-back\node_modules\router\index.js:291:5)
2025-08-02T04:11:17.681Z [info]: Received POST for /api/usuarios/login/ - Status: 400 - Time: 3ms - At: 2025-08-02T04:11:17.681Z - from clientIP: ::ffff:127.0.0.1
2025-08-02T04:11:19.736Z [error]: (401) Credenciales Invalidas null
2025-08-02T04:11:19.736Z [error]: stack Error: Credenciales Invalidas
    at dbErrorMsg (file:///C:/Source/js/inversiones-back/src/database/db.js:24:19)
    at UsuariosService.userLogin (file:///C:/Source/js/inversiones-back/src/services/sistema/usuarios_service.js:36:42)
    at process.processTicksAndRejections (node:internal/process/task_queues:105:5)
    at async userLogin (file:///C:/Source/js/inversiones-back/src/controllers/sistema/usuarios_controller.js:42:26)
2025-08-02T04:11:19.737Z [info]: Received POST for /api/usuarios/login/ - Status: 401 - Time: 4ms - At: 2025-08-02T04:11:19.737Z - from clientIP: ::ffff:127.0.0.1
2025-08-02T04:11:32.225Z [error]: (401) Credenciales Invalidas null
2025-08-02T04:11:32.225Z [error]: stack Error: Credenciales Invalidas
    at dbErrorMsg (file:///C:/Source/js/inversiones-back/src/database/db.js:24:19)
    at UsuariosService.userLogin (file:///C:/Source/js/inversiones-back/src/services/sistema/usuarios_service.js:36:42)
    at process.processTicksAndRejections (node:internal/process/task_queues:105:5)
    at async userLogin (file:///C:/Source/js/inversiones-back/src/controllers/sistema/usuarios_controller.js:42:26)
2025-08-02T04:11:32.226Z [info]: Received POST for /api/usuarios/login/ - Status: 401 - Time: 4ms - At: 2025-08-02T04:11:32.226Z - from clientIP: ::ffff:127.0.0.1
2025-08-02T04:11:50.332Z [error]: (401) Credenciales Invalidas null
2025-08-02T04:11:50.332Z [error]: stack Error: Credenciales Invalidas
    at dbErrorMsg (file:///C:/Source/js/inversiones-back/src/database/db.js:24:19)
    at UsuariosService.userLogin (file:///C:/Source/js/inversiones-back/src/services/sistema/usuarios_service.js:36:42)
    at process.processTicksAndRejections (node:internal/process/task_queues:105:5)
    at async userLogin (file:///C:/Source/js/inversiones-back/src/controllers/sistema/usuarios_controller.js:42:26)
2025-08-02T04:11:50.333Z [info]: Received POST for /api/usuarios/login/ - Status: 401 - Time: 4ms - At: 2025-08-02T04:11:50.333Z - from clientIP: ::ffff:127.0.0.1
2025-08-02T04:11:54.844Z [info]: Received POST for /api/usuarios/login/ - Status: 200 - Time: 18ms - At: 2025-08-02T04:11:54.844Z - from clientIP: ::ffff:127.0.0.1
2025-08-02T04:37:54.359Z [info]: Server running http://localhost:5050
2025-08-02T04:46:50.207Z [info]: Server running http://localhost:5050
2025-08-02T04:46:58.095Z [info]: Received GET for / - Status: 200 - Time: 22ms - At: 2025-08-02T04:46:58.095Z - from clientIP: ::1
2025-08-02T04:46:58.148Z [info]: Received GET for /manifest.json - Status: 200 - Time: 3ms - At: 2025-08-02T04:46:58.148Z - from clientIP: ::1
2025-08-02T04:51:19.770Z [error]: (409) El usuario ya existe null
2025-08-02T04:51:19.770Z [error]: stack Error: El usuario ya existe
    at dbErrorMsg (file:///C:/Source/js/inversiones-back/src/database/db.js:24:19)
    at UsuariosService.userRegister (file:///C:/Source/js/inversiones-back/src/services/sistema/usuarios_service.js:19:55)
    at process.processTicksAndRejections (node:internal/process/task_queues:105:5)
    at async userRegister (file:///C:/Source/js/inversiones-back/src/controllers/sistema/usuarios_controller.js:22:29)
2025-08-02T04:51:19.772Z [info]: Received POST for /api/usuarios/register/ - Status: 409 - Time: 77ms - At: 2025-08-02T04:51:19.772Z - from clientIP: ::ffff:127.0.0.1
2025-08-02T04:51:24.639Z [info]: Received POST for /api/usuarios/login/ - Status: 200 - Time: 21ms - At: 2025-08-02T04:51:24.639Z - from clientIP: ::ffff:127.0.0.1
2025-08-02T04:51:26.649Z [error]: (401) Credenciales Invalidas null
2025-08-02T04:51:26.649Z [error]: stack Error: Credenciales Invalidas
    at dbErrorMsg (file:///C:/Source/js/inversiones-back/src/database/db.js:24:19)
    at UsuariosService.userLogin (file:///C:/Source/js/inversiones-back/src/services/sistema/usuarios_service.js:41:30)
    at async userLogin (file:///C:/Source/js/inversiones-back/src/controllers/sistema/usuarios_controller.js:42:26)
2025-08-02T04:51:26.650Z [info]: Received POST for /api/usuarios/login/ - Status: 401 - Time: 18ms - At: 2025-08-02T04:51:26.650Z - from clientIP: ::ffff:127.0.0.1
2025-08-02T14:38:12.981Z [info]: Server running http://localhost:5050
2025-08-02T14:41:18.893Z [info]: Received GET for / - Status: 304 - Time: 4ms - At: 2025-08-02T14:41:18.893Z - from clientIP: ::1
2025-08-02T14:41:18.941Z [info]: Received GET for /manifest.json - Status: 304 - Time: 2ms - At: 2025-08-02T14:41:18.941Z - from clientIP: ::1
2025-08-02T14:41:28.144Z [info]: Received GET for /testLogin - Status: 200 - Time: 19ms - At: 2025-08-02T14:41:28.144Z - from clientIP: ::1
2025-08-02T14:41:28.167Z [info]: Received GET for /manifest.json - Status: 304 - Time: 1ms - At: 2025-08-02T14:41:28.167Z - from clientIP: ::1
2025-08-02T14:43:19.191Z [info]: Received OPTIONS for /api/usuarios/login - Status: 204 - Time: 1ms - At: 2025-08-02T14:43:19.191Z - from clientIP: ::1
2025-08-02T14:59:24.829Z [info]: Received OPTIONS for /api/usuarios/login - Status: 204 - Time: 1ms - At: 2025-08-02T14:59:24.829Z - from clientIP: ::1
2025-08-02T14:59:50.321Z [info]: Server running http://localhost:5050
2025-08-02T15:00:01.268Z [info]: Received OPTIONS for /api/usuarios/login - Status: 500 - Time: 4ms - At: 2025-08-02T15:00:01.268Z - from clientIP: ::1
2025-08-02T15:00:57.355Z [info]: Server running http://localhost:5050
2025-08-02T15:01:06.290Z [info]: Received OPTIONS for /api/usuarios/login - Status: 204 - Time: 2ms - At: 2025-08-02T15:01:06.290Z - from clientIP: ::1
2025-08-02T15:01:06.486Z [info]: Received POST for /api/usuarios/login - Status: 200 - Time: 79ms - At: 2025-08-02T15:01:06.486Z - from clientIP: ::1
2025-08-02T15:02:17.444Z [info]: Received OPTIONS for /api/usuarios/login - Status: 204 - Time: 0ms - At: 2025-08-02T15:02:17.444Z - from clientIP: ::1
2025-08-02T15:02:17.463Z [info]: Received POST for /api/usuarios/login - Status: 200 - Time: 15ms - At: 2025-08-02T15:02:17.462Z - from clientIP: ::1
2025-08-02T15:02:17.465Z [info]: Received GET for /api/usuarios/me - Status: 401 - Time: 0ms - At: 2025-08-02T15:02:17.464Z - from clientIP: ::1
2025-08-02T15:02:35.504Z [info]: Received OPTIONS for /api/usuarios/login - Status: 204 - Time: 1ms - At: 2025-08-02T15:02:35.504Z - from clientIP: ::1
2025-08-02T15:02:35.519Z [error]: (401) Credenciales Invalidas null
2025-08-02T15:02:35.520Z [error]: stack Error: Credenciales Invalidas
    at dbErrorMsg (file:///C:/Source/js/inversiones-back/src/database/db.js:24:19)
    at UsuariosService.userLogin (file:///C:/Source/js/inversiones-back/src/services/sistema/usuarios_service.js:41:30)
    at async userLogin (file:///C:/Source/js/inversiones-back/src/controllers/sistema/usuarios_controller.js:43:27)
2025-08-02T15:02:35.521Z [info]: Received POST for /api/usuarios/login - Status: 401 - Time: 15ms - At: 2025-08-02T15:02:35.521Z - from clientIP: ::1
2025-08-02T15:02:35.523Z [info]: Received GET for /api/usuarios/me - Status: 401 - Time: 0ms - At: 2025-08-02T15:02:35.523Z - from clientIP: ::1
2025-08-02T15:02:44.442Z [info]: Received OPTIONS for /api/usuarios/login - Status: 204 - Time: 1ms - At: 2025-08-02T15:02:44.442Z - from clientIP: ::1
2025-08-02T15:02:44.459Z [info]: Received POST for /api/usuarios/login - Status: 200 - Time: 16ms - At: 2025-08-02T15:02:44.459Z - from clientIP: ::1
2025-08-02T15:02:44.462Z [info]: Received GET for /api/usuarios/me - Status: 401 - Time: 1ms - At: 2025-08-02T15:02:44.462Z - from clientIP: ::1
2025-08-02T15:04:08.949Z [info]: Received OPTIONS for /api/usuarios/login - Status: 204 - Time: 0ms - At: 2025-08-02T15:04:08.948Z - from clientIP: ::1
2025-08-02T15:04:08.966Z [info]: Received POST for /api/usuarios/login - Status: 200 - Time: 15ms - At: 2025-08-02T15:04:08.966Z - from clientIP: ::1
2025-08-02T15:04:08.968Z [info]: Received GET for /api/usuarios/me - Status: 401 - Time: 1ms - At: 2025-08-02T15:04:08.968Z - from clientIP: ::1
2025-08-02T15:07:45.294Z [info]: Server running http://localhost:5050
2025-08-02T15:07:54.545Z [info]: Received OPTIONS for /api/usuarios/login - Status: 204 - Time: 2ms - At: 2025-08-02T15:07:54.545Z - from clientIP: ::1
2025-08-02T15:07:54.584Z [info]: Received POST for /api/usuarios/login - Status: 200 - Time: 31ms - At: 2025-08-02T15:07:54.583Z - from clientIP: ::1
2025-08-02T15:07:54.586Z [info]: Received GET for /api/usuarios/me - Status: 401 - Time: 1ms - At: 2025-08-02T15:07:54.586Z - from clientIP: ::1
2025-08-02T15:12:39.088Z [info]: Received OPTIONS for /api/usuarios/login - Status: 500 - Time: 3ms - At: 2025-08-02T15:12:39.088Z - from clientIP: ::1
2025-08-02T15:13:19.036Z [info]: Received OPTIONS for /api/usuarios/login - Status: 500 - Time: 1ms - At: 2025-08-02T15:13:19.036Z - from clientIP: ::1
2025-08-02T15:13:32.765Z [info]: Server running http://localhost:5050
2025-08-02T15:13:43.782Z [info]: Received OPTIONS for /api/usuarios/login - Status: 204 - Time: 2ms - At: 2025-08-02T15:13:43.782Z - from clientIP: ::1
2025-08-02T15:13:43.817Z [info]: Received POST for /api/usuarios/login - Status: 200 - Time: 28ms - At: 2025-08-02T15:13:43.817Z - from clientIP: ::1
2025-08-02T15:13:43.820Z [info]: Received GET for /api/usuarios/me - Status: 401 - Time: 0ms - At: 2025-08-02T15:13:43.820Z - from clientIP: ::1
2025-08-02T15:23:02.282Z [info]: Server running http://localhost:5050
2025-08-02T15:23:17.455Z [info]: Received OPTIONS for /api/usuarios/login - Status: 204 - Time: 2ms - At: 2025-08-02T15:23:17.455Z - from clientIP: ::1
2025-08-02T15:23:17.490Z [info]: Received POST for /api/usuarios/login - Status: 200 - Time: 27ms - At: 2025-08-02T15:23:17.490Z - from clientIP: ::1
2025-08-02T15:23:17.498Z [error]: (500) Table 'invest-project.derechos' doesn't exist null
2025-08-02T15:23:17.498Z [error]: stack Error: Table 'invest-project.derechos' doesn't exist
    at dbErrorMsg (file:///C:/Source/js/inversiones-back/src/database/db.js:24:19)
    at UsuariosService.getRolesYDerechos (file:///C:/Source/js/inversiones-back/src/services/sistema/usuarios_service.js:67:19)
    at process.processTicksAndRejections (node:internal/process/task_queues:105:5)
    at async getMe (file:///C:/Source/js/inversiones-back/src/controllers/sistema/usuarios_controller.js:73:26)
2025-08-02T15:23:17.499Z [info]: Received GET for /api/usuarios/me - Status: 500 - Time: 6ms - At: 2025-08-02T15:23:17.499Z - from clientIP: ::1
2025-08-02T15:29:31.123Z [info]: Received POST for /api/usuarios/login/ - Status: 200 - Time: 16ms - At: 2025-08-02T15:29:31.123Z - from clientIP: ::ffff:127.0.0.1
2025-08-02T15:29:58.011Z [error]: (401) Credenciales Invalidas null
2025-08-02T15:29:58.012Z [error]: stack Error: Credenciales Invalidas
    at dbErrorMsg (file:///C:/Source/js/inversiones-back/src/database/db.js:24:19)
    at UsuariosService.userLogin (file:///C:/Source/js/inversiones-back/src/services/sistema/usuarios_service.js:41:30)
    at async userLogin (file:///C:/Source/js/inversiones-back/src/controllers/sistema/usuarios_controller.js:43:27)
2025-08-02T15:29:58.013Z [info]: Received POST for /api/usuarios/login/ - Status: 401 - Time: 16ms - At: 2025-08-02T15:29:58.013Z - from clientIP: ::ffff:127.0.0.1
2025-08-02T15:30:38.228Z [info]: Received POST for /api/usuarios/api-token/ - Status: 200 - Time: 14ms - At: 2025-08-02T15:30:38.228Z - from clientIP: ::ffff:127.0.0.1
2025-08-02T15:32:14.656Z [error]: (500) Table 'invest-project.derechos' doesn't exist null
2025-08-02T15:32:14.656Z [error]: stack Error: Table 'invest-project.derechos' doesn't exist
    at dbErrorMsg (file:///C:/Source/js/inversiones-back/src/database/db.js:24:19)
    at UsuariosService.getRolesYDerechos (file:///C:/Source/js/inversiones-back/src/services/sistema/usuarios_service.js:67:19)
    at process.processTicksAndRejections (node:internal/process/task_queues:105:5)
    at async getMe (file:///C:/Source/js/inversiones-back/src/controllers/sistema/usuarios_controller.js:73:26)
2025-08-02T15:32:14.657Z [info]: Received GET for /api/usuarios/me - Status: 500 - Time: 5ms - At: 2025-08-02T15:32:14.657Z - from clientIP: ::ffff:127.0.0.1
2025-08-02T15:39:03.455Z [error]: (500) Table 'invest-project.derechos' doesn't exist null
2025-08-02T15:39:03.455Z [error]: stack Error: Table 'invest-project.derechos' doesn't exist
    at dbErrorMsg (file:///C:/Source/js/inversiones-back/src/database/db.js:24:19)
    at UsuariosService.getRolesYDerechos (file:///C:/Source/js/inversiones-back/src/services/sistema/usuarios_service.js:67:19)
    at process.processTicksAndRejections (node:internal/process/task_queues:105:5)
    at async getMe (file:///C:/Source/js/inversiones-back/src/controllers/sistema/usuarios_controller.js:73:26)
2025-08-02T15:39:03.456Z [info]: Received GET for /api/usuarios/me - Status: 500 - Time: 5ms - At: 2025-08-02T15:39:03.456Z - from clientIP: ::ffff:127.0.0.1
2025-08-02T15:39:06.632Z [error]: (500) Table 'invest-project.derechos' doesn't exist null
2025-08-02T15:39:06.632Z [error]: stack Error: Table 'invest-project.derechos' doesn't exist
    at dbErrorMsg (file:///C:/Source/js/inversiones-back/src/database/db.js:24:19)
    at UsuariosService.getRolesYDerechos (file:///C:/Source/js/inversiones-back/src/services/sistema/usuarios_service.js:67:19)
    at process.processTicksAndRejections (node:internal/process/task_queues:105:5)
    at async getMe (file:///C:/Source/js/inversiones-back/src/controllers/sistema/usuarios_controller.js:73:26)
2025-08-02T15:39:06.633Z [info]: Received GET for /api/usuarios/me - Status: 500 - Time: 5ms - At: 2025-08-02T15:39:06.633Z - from clientIP: ::ffff:127.0.0.1
2025-08-02T15:43:37.454Z [info]: Server running http://localhost:5050
2025-08-02T15:43:45.808Z [error]: (500) Table 'invest-project.derechos' doesn't exist null
2025-08-02T15:43:45.808Z [error]: stack Error: Table 'invest-project.derechos' doesn't exist
    at dbErrorMsg (file:///C:/Source/js/inversiones-back/src/database/db.js:24:19)
    at UsuariosService.getRolesYDerechos (file:///C:/Source/js/inversiones-back/src/services/sistema/usuarios_service.js:67:19)
    at process.processTicksAndRejections (node:internal/process/task_queues:105:5)
    at async getMe (file:///C:/Source/js/inversiones-back/src/controllers/sistema/usuarios_controller.js:73:26)
2025-08-02T15:43:45.811Z [info]: Received GET for /api/usuarios/me - Status: 500 - Time: 29ms - At: 2025-08-02T15:43:45.811Z - from clientIP: ::ffff:127.0.0.1
2025-08-02T15:52:12.058Z [info]: Received POST for /api/usuarios/api-token/ - Status: 200 - Time: 18ms - At: 2025-08-02T15:52:12.058Z - from clientIP: ::ffff:127.0.0.1
2025-08-02T15:55:59.822Z [error]: (500) Table 'invest-project.derechos' doesn't exist null
2025-08-02T15:55:59.823Z [error]: stack Error: Table 'invest-project.derechos' doesn't exist
    at dbErrorMsg (file:///C:/Source/js/inversiones-back/src/database/db.js:24:19)
    at UsuariosService.getRolesYDerechos (file:///C:/Source/js/inversiones-back/src/services/sistema/usuarios_service.js:67:19)
    at process.processTicksAndRejections (node:internal/process/task_queues:105:5)
    at async getMe (file:///C:/Source/js/inversiones-back/src/controllers/sistema/usuarios_controller.js:73:26)
2025-08-02T15:55:59.824Z [info]: Received GET for /api/usuarios/me - Status: 500 - Time: 6ms - At: 2025-08-02T15:55:59.824Z - from clientIP: ::ffff:127.0.0.1
2025-08-02T15:56:18.623Z [error]: (500) Table 'invest-project.derechos' doesn't exist null
2025-08-02T15:56:18.624Z [error]: stack Error: Table 'invest-project.derechos' doesn't exist
    at dbErrorMsg (file:///C:/Source/js/inversiones-back/src/database/db.js:24:19)
    at UsuariosService.getRolesYDerechos (file:///C:/Source/js/inversiones-back/src/services/sistema/usuarios_service.js:67:19)
    at process.processTicksAndRejections (node:internal/process/task_queues:105:5)
    at async getMe (file:///C:/Source/js/inversiones-back/src/controllers/sistema/usuarios_controller.js:73:26)
2025-08-02T15:56:18.624Z [info]: Received GET for /api/usuarios/me - Status: 500 - Time: 6ms - At: 2025-08-02T15:56:18.624Z - from clientIP: ::ffff:127.0.0.1
2025-08-02T15:56:21.551Z [error]: (500) Table 'invest-project.derechos' doesn't exist null
2025-08-02T15:56:21.552Z [error]: stack Error: Table 'invest-project.derechos' doesn't exist
    at dbErrorMsg (file:///C:/Source/js/inversiones-back/src/database/db.js:24:19)
    at UsuariosService.getRolesYDerechos (file:///C:/Source/js/inversiones-back/src/services/sistema/usuarios_service.js:67:19)
    at process.processTicksAndRejections (node:internal/process/task_queues:105:5)
    at async getMe (file:///C:/Source/js/inversiones-back/src/controllers/sistema/usuarios_controller.js:73:26)
2025-08-02T15:56:21.553Z [info]: Received GET for /api/usuarios/me - Status: 500 - Time: 6ms - At: 2025-08-02T15:56:21.553Z - from clientIP: ::ffff:127.0.0.1
2025-08-02T15:56:30.771Z [error]: (500) Table 'invest-project.derechos' doesn't exist null
2025-08-02T15:56:30.771Z [error]: stack Error: Table 'invest-project.derechos' doesn't exist
    at dbErrorMsg (file:///C:/Source/js/inversiones-back/src/database/db.js:24:19)
    at UsuariosService.getRolesYDerechos (file:///C:/Source/js/inversiones-back/src/services/sistema/usuarios_service.js:67:19)
    at process.processTicksAndRejections (node:internal/process/task_queues:105:5)
    at async getMe (file:///C:/Source/js/inversiones-back/src/controllers/sistema/usuarios_controller.js:73:26)
2025-08-02T15:56:30.772Z [info]: Received GET for /api/usuarios/me - Status: 500 - Time: 5ms - At: 2025-08-02T15:56:30.772Z - from clientIP: ::ffff:127.0.0.1
2025-08-02T15:56:36.935Z [error]: (500) Table 'invest-project.derechos' doesn't exist null
2025-08-02T15:56:36.935Z [error]: stack Error: Table 'invest-project.derechos' doesn't exist
    at dbErrorMsg (file:///C:/Source/js/inversiones-back/src/database/db.js:24:19)
    at UsuariosService.getRolesYDerechos (file:///C:/Source/js/inversiones-back/src/services/sistema/usuarios_service.js:67:19)
    at process.processTicksAndRejections (node:internal/process/task_queues:105:5)
    at async getMe (file:///C:/Source/js/inversiones-back/src/controllers/sistema/usuarios_controller.js:73:26)
2025-08-02T15:56:36.936Z [info]: Received GET for /api/usuarios/me - Status: 500 - Time: 5ms - At: 2025-08-02T15:56:36.936Z - from clientIP: ::ffff:127.0.0.1
2025-08-02T15:56:51.167Z [error]: (500) Table 'invest-project.derechos' doesn't exist null
2025-08-02T15:56:51.167Z [error]: stack Error: Table 'invest-project.derechos' doesn't exist
    at dbErrorMsg (file:///C:/Source/js/inversiones-back/src/database/db.js:24:19)
    at UsuariosService.getRolesYDerechos (file:///C:/Source/js/inversiones-back/src/services/sistema/usuarios_service.js:67:19)
    at process.processTicksAndRejections (node:internal/process/task_queues:105:5)
    at async getMe (file:///C:/Source/js/inversiones-back/src/controllers/sistema/usuarios_controller.js:73:26)
2025-08-02T15:56:51.168Z [info]: Received GET for /api/usuarios/me - Status: 500 - Time: 5ms - At: 2025-08-02T15:56:51.168Z - from clientIP: ::ffff:127.0.0.1
2025-08-02T15:57:29.103Z [error]: (500) Table 'invest-project.derechos' doesn't exist null
2025-08-02T15:57:29.103Z [error]: stack Error: Table 'invest-project.derechos' doesn't exist
    at dbErrorMsg (file:///C:/Source/js/inversiones-back/src/database/db.js:24:19)
    at UsuariosService.getRolesYDerechos (file:///C:/Source/js/inversiones-back/src/services/sistema/usuarios_service.js:67:19)
    at process.processTicksAndRejections (node:internal/process/task_queues:105:5)
    at async getMe (file:///C:/Source/js/inversiones-back/src/controllers/sistema/usuarios_controller.js:73:26)
2025-08-02T15:57:29.105Z [info]: Received GET for /api/usuarios/me - Status: 500 - Time: 6ms - At: 2025-08-02T15:57:29.105Z - from clientIP: ::ffff:127.0.0.1
2025-08-02T15:57:32.486Z [error]: (500) Table 'invest-project.derechos' doesn't exist null
2025-08-02T15:57:32.486Z [error]: stack Error: Table 'invest-project.derechos' doesn't exist
    at dbErrorMsg (file:///C:/Source/js/inversiones-back/src/database/db.js:24:19)
    at UsuariosService.getRolesYDerechos (file:///C:/Source/js/inversiones-back/src/services/sistema/usuarios_service.js:67:19)
    at process.processTicksAndRejections (node:internal/process/task_queues:105:5)
    at async getMe (file:///C:/Source/js/inversiones-back/src/controllers/sistema/usuarios_controller.js:73:26)
2025-08-02T15:57:32.487Z [info]: Received GET for /api/usuarios/me - Status: 500 - Time: 5ms - At: 2025-08-02T15:57:32.487Z - from clientIP: ::ffff:127.0.0.1
2025-08-02T16:04:45.881Z [info]: Received POST for /api/usuarios/login/ - Status: 200 - Time: 18ms - At: 2025-08-02T16:04:45.881Z - from clientIP: ::ffff:127.0.0.1
2025-08-02T16:05:05.071Z [error]: (500) Table 'invest-project.derechos' doesn't exist null
2025-08-02T16:05:05.071Z [error]: stack Error: Table 'invest-project.derechos' doesn't exist
    at dbErrorMsg (file:///C:/Source/js/inversiones-back/src/database/db.js:24:19)
    at UsuariosService.getRolesYDerechos (file:///C:/Source/js/inversiones-back/src/services/sistema/usuarios_service.js:67:19)
    at process.processTicksAndRejections (node:internal/process/task_queues:105:5)
    at async getMe (file:///C:/Source/js/inversiones-back/src/controllers/sistema/usuarios_controller.js:73:26)
2025-08-02T16:05:05.072Z [info]: Received GET for /api/usuarios/me - Status: 500 - Time: 5ms - At: 2025-08-02T16:05:05.072Z - from clientIP: ::ffff:127.0.0.1
2025-08-02T16:05:25.932Z [error]: (500) Table 'invest-project.derechos' doesn't exist null
2025-08-02T16:05:25.933Z [error]: stack Error: Table 'invest-project.derechos' doesn't exist
    at dbErrorMsg (file:///C:/Source/js/inversiones-back/src/database/db.js:24:19)
    at UsuariosService.getRolesYDerechos (file:///C:/Source/js/inversiones-back/src/services/sistema/usuarios_service.js:67:19)
    at process.processTicksAndRejections (node:internal/process/task_queues:105:5)
    at async getMe (file:///C:/Source/js/inversiones-back/src/controllers/sistema/usuarios_controller.js:73:26)
2025-08-02T16:05:25.934Z [info]: Received GET for /api/usuarios/me - Status: 500 - Time: 5ms - At: 2025-08-02T16:05:25.934Z - from clientIP: ::ffff:127.0.0.1
2025-08-02T16:05:32.279Z [error]: (500) Table 'invest-project.derechos' doesn't exist null
2025-08-02T16:05:32.279Z [error]: stack Error: Table 'invest-project.derechos' doesn't exist
    at dbErrorMsg (file:///C:/Source/js/inversiones-back/src/database/db.js:24:19)
    at UsuariosService.getRolesYDerechos (file:///C:/Source/js/inversiones-back/src/services/sistema/usuarios_service.js:67:19)
    at process.processTicksAndRejections (node:internal/process/task_queues:105:5)
    at async getMe (file:///C:/Source/js/inversiones-back/src/controllers/sistema/usuarios_controller.js:73:26)
2025-08-02T16:05:32.280Z [info]: Received GET for /api/usuarios/me - Status: 500 - Time: 5ms - At: 2025-08-02T16:05:32.280Z - from clientIP: ::ffff:127.0.0.1
2025-08-02T16:09:48.640Z [error]: (500) Table 'invest-project.derechos' doesn't exist null
2025-08-02T16:09:48.641Z [error]: stack Error: Table 'invest-project.derechos' doesn't exist
    at dbErrorMsg (file:///C:/Source/js/inversiones-back/src/database/db.js:24:19)
    at UsuariosService.getRolesYDerechos (file:///C:/Source/js/inversiones-back/src/services/sistema/usuarios_service.js:67:19)
    at process.processTicksAndRejections (node:internal/process/task_queues:105:5)
    at async getMe (file:///C:/Source/js/inversiones-back/src/controllers/sistema/usuarios_controller.js:73:26)
2025-08-02T16:09:48.642Z [info]: Received GET for /api/usuarios/me - Status: 500 - Time: 6ms - At: 2025-08-02T16:09:48.642Z - from clientIP: ::ffff:127.0.0.1
2025-08-02T16:09:50.603Z [error]: (500) Table 'invest-project.derechos' doesn't exist null
2025-08-02T16:09:50.603Z [error]: stack Error: Table 'invest-project.derechos' doesn't exist
    at dbErrorMsg (file:///C:/Source/js/inversiones-back/src/database/db.js:24:19)
    at UsuariosService.getRolesYDerechos (file:///C:/Source/js/inversiones-back/src/services/sistema/usuarios_service.js:67:19)
    at process.processTicksAndRejections (node:internal/process/task_queues:105:5)
    at async getMe (file:///C:/Source/js/inversiones-back/src/controllers/sistema/usuarios_controller.js:73:26)
2025-08-02T16:09:50.604Z [info]: Received GET for /api/usuarios/me - Status: 500 - Time: 6ms - At: 2025-08-02T16:09:50.604Z - from clientIP: ::ffff:127.0.0.1
2025-08-02T16:09:55.153Z [error]: (500) Table 'invest-project.derechos' doesn't exist null
2025-08-02T16:09:55.153Z [error]: stack Error: Table 'invest-project.derechos' doesn't exist
    at dbErrorMsg (file:///C:/Source/js/inversiones-back/src/database/db.js:24:19)
    at UsuariosService.getRolesYDerechos (file:///C:/Source/js/inversiones-back/src/services/sistema/usuarios_service.js:67:19)
    at process.processTicksAndRejections (node:internal/process/task_queues:105:5)
    at async getMe (file:///C:/Source/js/inversiones-back/src/controllers/sistema/usuarios_controller.js:73:26)
2025-08-02T16:09:55.154Z [info]: Received GET for /api/usuarios/me - Status: 500 - Time: 5ms - At: 2025-08-02T16:09:55.154Z - from clientIP: ::ffff:127.0.0.1
2025-08-02T16:10:56.474Z [info]: Server running http://localhost:5050
2025-08-02T16:11:02.296Z [info]: Received GET for /api/usuarios/me - Status: 401 - Time: 5ms - At: 2025-08-02T16:11:02.296Z - from clientIP: ::ffff:127.0.0.1
2025-08-02T16:11:11.272Z [error]: (500) Table 'invest-project.derechos' doesn't exist null
2025-08-02T16:11:11.272Z [error]: stack Error: Table 'invest-project.derechos' doesn't exist
    at dbErrorMsg (file:///C:/Source/js/inversiones-back/src/database/db.js:24:19)
    at UsuariosService.getRolesYDerechos (file:///C:/Source/js/inversiones-back/src/services/sistema/usuarios_service.js:67:19)
    at process.processTicksAndRejections (node:internal/process/task_queues:105:5)
    at async getMe (file:///C:/Source/js/inversiones-back/src/controllers/sistema/usuarios_controller.js:73:26)
2025-08-02T16:11:11.273Z [info]: Received GET for /api/usuarios/me - Status: 500 - Time: 28ms - At: 2025-08-02T16:11:11.273Z - from clientIP: ::ffff:127.0.0.1
2025-08-02T16:13:00.452Z [info]: Received GET for /api/usuarios/me - Status: 401 - Time: 1ms - At: 2025-08-02T16:13:00.452Z - from clientIP: ::ffff:127.0.0.1
2025-08-02T16:13:03.065Z [error]: (500) Table 'invest-project.derechos' doesn't exist null
2025-08-02T16:13:03.066Z [error]: stack Error: Table 'invest-project.derechos' doesn't exist
    at dbErrorMsg (file:///C:/Source/js/inversiones-back/src/database/db.js:24:19)
    at UsuariosService.getRolesYDerechos (file:///C:/Source/js/inversiones-back/src/services/sistema/usuarios_service.js:67:19)
    at process.processTicksAndRejections (node:internal/process/task_queues:105:5)
    at async getMe (file:///C:/Source/js/inversiones-back/src/controllers/sistema/usuarios_controller.js:73:26)
2025-08-02T16:13:03.066Z [info]: Received GET for /api/usuarios/me - Status: 500 - Time: 7ms - At: 2025-08-02T16:13:03.066Z - from clientIP: ::ffff:127.0.0.1
2025-08-02T16:13:18.213Z [info]: Received GET for /api/usuarios/me - Status: 401 - Time: 2ms - At: 2025-08-02T16:13:18.213Z - from clientIP: ::ffff:127.0.0.1
2025-08-02T16:13:47.459Z [info]: Received GET for /api/usuarios/me - Status: 403 - Time: 2ms - At: 2025-08-02T16:13:47.459Z - from clientIP: ::ffff:127.0.0.1
2025-08-02T16:13:53.746Z [error]: (500) Table 'invest-project.derechos' doesn't exist null
2025-08-02T16:13:53.746Z [error]: stack Error: Table 'invest-project.derechos' doesn't exist
    at dbErrorMsg (file:///C:/Source/js/inversiones-back/src/database/db.js:24:19)
    at UsuariosService.getRolesYDerechos (file:///C:/Source/js/inversiones-back/src/services/sistema/usuarios_service.js:67:19)
    at process.processTicksAndRejections (node:internal/process/task_queues:105:5)
    at async getMe (file:///C:/Source/js/inversiones-back/src/controllers/sistema/usuarios_controller.js:73:26)
2025-08-02T16:13:53.747Z [info]: Received GET for /api/usuarios/me - Status: 500 - Time: 6ms - At: 2025-08-02T16:13:53.747Z - from clientIP: ::ffff:127.0.0.1
2025-08-02T16:14:42.420Z [error]: (500) Table 'invest-project.derechos' doesn't exist null
2025-08-02T16:14:42.421Z [error]: stack Error: Table 'invest-project.derechos' doesn't exist
    at dbErrorMsg (file:///C:/Source/js/inversiones-back/src/database/db.js:24:19)
    at UsuariosService.getRolesYDerechos (file:///C:/Source/js/inversiones-back/src/services/sistema/usuarios_service.js:67:19)
    at process.processTicksAndRejections (node:internal/process/task_queues:105:5)
    at async getMe (file:///C:/Source/js/inversiones-back/src/controllers/sistema/usuarios_controller.js:73:26)
2025-08-02T16:14:42.421Z [info]: Received GET for /api/usuarios/me - Status: 500 - Time: 4ms - At: 2025-08-02T16:14:42.421Z - from clientIP: ::ffff:127.0.0.1
2025-08-02T16:18:05.542Z [info]: Received GET for /api/usuarios/me - Status: 200 - Time: 6ms - At: 2025-08-02T16:18:05.542Z - from clientIP: ::ffff:127.0.0.1
2025-08-02T16:20:30.409Z [info]: Received OPTIONS for /api/usuarios/login - Status: 500 - Time: 2ms - At: 2025-08-02T16:20:30.409Z - from clientIP: ::1
2025-08-02T16:20:58.708Z [info]: Received OPTIONS for /api/usuarios/login - Status: 204 - Time: 0ms - At: 2025-08-02T16:20:58.707Z - from clientIP: ::1
2025-08-02T16:20:58.725Z [error]: (401) Credenciales Invalidas null
2025-08-02T16:20:58.725Z [error]: stack Error: Credenciales Invalidas
    at dbErrorMsg (file:///C:/Source/js/inversiones-back/src/database/db.js:24:19)
    at UsuariosService.userLogin (file:///C:/Source/js/inversiones-back/src/services/sistema/usuarios_service.js:41:30)
    at async userLogin (file:///C:/Source/js/inversiones-back/src/controllers/sistema/usuarios_controller.js:43:27)
2025-08-02T16:20:58.726Z [info]: Received POST for /api/usuarios/login - Status: 401 - Time: 16ms - At: 2025-08-02T16:20:58.726Z - from clientIP: ::1
2025-08-02T16:21:09.846Z [info]: Received OPTIONS for /api/usuarios/login - Status: 204 - Time: 0ms - At: 2025-08-02T16:21:09.846Z - from clientIP: ::1
2025-08-02T16:21:09.863Z [info]: Received POST for /api/usuarios/login - Status: 200 - Time: 15ms - At: 2025-08-02T16:21:09.863Z - from clientIP: ::1
2025-08-02T16:21:12.893Z [info]: Received GET for /api/usuarios/me - Status: 200 - Time: 5ms - At: 2025-08-02T16:21:12.893Z - from clientIP: ::1
2025-08-03T02:03:02.450Z [info]: Server running http://localhost:5050
2025-08-03T02:04:27.323Z [info]: Received POST for /api/usuarios/api-token/ - Status: 200 - Time: 83ms - At: 2025-08-03T02:04:27.323Z - from clientIP: ::ffff:127.0.0.1
2025-08-03T02:05:15.178Z [info]: Received GET for /api/usuarios/me - Status: 401 - Time: 2ms - At: 2025-08-03T02:05:15.178Z - from clientIP: ::ffff:127.0.0.1
2025-08-03T02:05:23.866Z [info]: Received GET for /api/usuarios/me - Status: 200 - Time: 7ms - At: 2025-08-03T02:05:23.866Z - from clientIP: ::ffff:127.0.0.1
2025-08-03T02:05:41.061Z [info]: Received POST for /api/usuarios/refresh - Status: 200 - Time: 4ms - At: 2025-08-03T02:05:41.061Z - from clientIP: ::ffff:127.0.0.1
2025-08-03T02:06:05.977Z [info]: Received GET for /api/usuarios/me - Status: 200 - Time: 7ms - At: 2025-08-03T02:06:05.977Z - from clientIP: ::ffff:127.0.0.1
2025-08-03T02:06:11.443Z [info]: Received GET for /api/usuarios/me - Status: 200 - Time: 5ms - At: 2025-08-03T02:06:11.443Z - from clientIP: ::ffff:127.0.0.1
2025-08-03T02:06:51.759Z [info]: Received GET for /api/usuarios/me - Status: 200 - Time: 4ms - At: 2025-08-03T02:06:51.759Z - from clientIP: ::ffff:127.0.0.1
2025-08-03T02:07:05.155Z [info]: Received GET for /api/usuarios/me - Status: 403 - Time: 2ms - At: 2025-08-03T02:07:05.155Z - from clientIP: ::ffff:127.0.0.1
2025-08-03T02:07:11.500Z [info]: Received GET for /api/usuarios/me - Status: 200 - Time: 4ms - At: 2025-08-03T02:07:11.500Z - from clientIP: ::ffff:127.0.0.1
2025-08-03T02:27:56.874Z [error]: (401) Credenciales Invalidas null
2025-08-03T02:27:56.875Z [error]: stack Error: Credenciales Invalidas
    at dbErrorMsg (file:///C:/Source/js/inversiones-back/src/database/db.js:24:19)
    at UsuariosService.userLogin (file:///C:/Source/js/inversiones-back/src/services/sistema/usuarios_service.js:41:30)
    at async userLogin (file:///C:/Source/js/inversiones-back/src/controllers/sistema/usuarios_controller.js:43:51)
2025-08-03T02:27:56.876Z [info]: Received POST for /api/usuarios/login/ - Status: 401 - Time: 16ms - At: 2025-08-03T02:27:56.876Z - from clientIP: ::ffff:127.0.0.1
2025-08-03T02:28:05.191Z [error]: (401) Credenciales Invalidas null
2025-08-03T02:28:05.191Z [error]: stack Error: Credenciales Invalidas
    at dbErrorMsg (file:///C:/Source/js/inversiones-back/src/database/db.js:24:19)
    at UsuariosService.userLogin (file:///C:/Source/js/inversiones-back/src/services/sistema/usuarios_service.js:36:42)
    at process.processTicksAndRejections (node:internal/process/task_queues:105:5)
    at async userLogin (file:///C:/Source/js/inversiones-back/src/controllers/sistema/usuarios_controller.js:43:51)
2025-08-03T02:28:05.192Z [info]: Received POST for /api/usuarios/login/ - Status: 401 - Time: 3ms - At: 2025-08-03T02:28:05.192Z - from clientIP: ::ffff:127.0.0.1
2025-08-03T02:29:14.785Z [info]: Received GET for /api/usuarios/me - Status: 200 - Time: 5ms - At: 2025-08-03T02:29:14.785Z - from clientIP: ::ffff:127.0.0.1
2025-08-03T02:30:06.643Z [info]: Received POST for /api/usuarios/logout - Status: 200 - Time: 7ms - At: 2025-08-03T02:30:06.643Z - from clientIP: ::ffff:127.0.0.1
2025-08-03T02:30:13.678Z [info]: Received POST for /api/usuarios/refresh - Status: 403 - Time: 3ms - At: 2025-08-03T02:30:13.678Z - from clientIP: ::ffff:127.0.0.1
2025-08-03T02:30:25.170Z [info]: Received GET for /api/usuarios/me - Status: 200 - Time: 4ms - At: 2025-08-03T02:30:25.170Z - from clientIP: ::ffff:127.0.0.1
2025-08-03T02:30:27.162Z [info]: Received POST for /api/usuarios/refresh - Status: 403 - Time: 2ms - At: 2025-08-03T02:30:27.162Z - from clientIP: ::ffff:127.0.0.1
2025-08-03T02:30:29.017Z [info]: Received POST for /api/usuarios/logout - Status: 200 - Time: 3ms - At: 2025-08-03T02:30:29.017Z - from clientIP: ::ffff:127.0.0.1
2025-08-03T02:30:31.679Z [info]: Received POST for /api/usuarios/logout - Status: 200 - Time: 3ms - At: 2025-08-03T02:30:31.679Z - from clientIP: ::ffff:127.0.0.1
2025-08-03T02:32:51.640Z [info]: Received POST for /api/usuarios/refresh - Status: 403 - Time: 2ms - At: 2025-08-03T02:32:51.640Z - from clientIP: ::ffff:127.0.0.1
2025-08-03T02:38:13.980Z [info]: Received OPTIONS for /api/usuarios/login - Status: 500 - Time: 2ms - At: 2025-08-03T02:38:13.980Z - from clientIP: ::1
2025-08-03T02:39:08.057Z [info]: Received OPTIONS for /api/usuarios/login - Status: 204 - Time: 0ms - At: 2025-08-03T02:39:08.056Z - from clientIP: ::1
2025-08-03T02:39:08.072Z [error]: (401) Credenciales Invalidas null
2025-08-03T02:39:08.073Z [error]: stack Error: Credenciales Invalidas
    at dbErrorMsg (file:///C:/Source/js/inversiones-back/src/database/db.js:24:19)
    at UsuariosService.userLogin (file:///C:/Source/js/inversiones-back/src/services/sistema/usuarios_service.js:41:30)
    at async userLogin (file:///C:/Source/js/inversiones-back/src/controllers/sistema/usuarios_controller.js:43:51)
2025-08-03T02:39:08.074Z [info]: Received POST for /api/usuarios/login - Status: 401 - Time: 16ms - At: 2025-08-03T02:39:08.074Z - from clientIP: ::1
2025-08-03T02:39:15.383Z [info]: Received OPTIONS for /api/usuarios/login - Status: 204 - Time: 1ms - At: 2025-08-03T02:39:15.383Z - from clientIP: ::1
2025-08-03T02:39:15.406Z [info]: Received POST for /api/usuarios/login - Status: 200 - Time: 21ms - At: 2025-08-03T02:39:15.406Z - from clientIP: ::1
2025-08-03T02:39:18.696Z [info]: Received GET for /api/usuarios/me - Status: 304 - Time: 5ms - At: 2025-08-03T02:39:18.696Z - from clientIP: ::1
2025-08-03T02:39:22.633Z [info]: Received POST for /api/usuarios/refresh - Status: 200 - Time: 5ms - At: 2025-08-03T02:39:22.633Z - from clientIP: ::1
2025-08-03T02:39:25.490Z [info]: Received GET for /api/usuarios/me - Status: 304 - Time: 6ms - At: 2025-08-03T02:39:25.490Z - from clientIP: ::1
2025-08-03T02:39:27.228Z [info]: Received POST for /api/usuarios/logout - Status: 200 - Time: 8ms - At: 2025-08-03T02:39:27.228Z - from clientIP: ::1
2025-08-03T02:42:20.488Z [info]: Received POST for /api/usuarios/logout - Status: 401 - Time: 1ms - At: 2025-08-03T02:42:20.488Z - from clientIP: ::ffff:127.0.0.1
2025-08-03T02:42:33.902Z [info]: Received POST for /api/usuarios/login/ - Status: 200 - Time: 20ms - At: 2025-08-03T02:42:33.902Z - from clientIP: ::ffff:127.0.0.1
2025-08-03T02:43:21.456Z [info]: Received GET for /api/usuarios/me - Status: 401 - Time: 1ms - At: 2025-08-03T02:43:21.456Z - from clientIP: ::ffff:127.0.0.1
2025-08-03T02:43:29.471Z [info]: Received POST for /api/usuarios/logout - Status: 401 - Time: 0ms - At: 2025-08-03T02:43:29.471Z - from clientIP: ::ffff:127.0.0.1
2025-08-03T02:44:04.088Z [info]: Received POST for /api/usuarios/login/ - Status: 200 - Time: 22ms - At: 2025-08-03T02:44:04.088Z - from clientIP: ::ffff:127.0.0.1
2025-08-03T02:44:34.491Z [info]: Received GET for /api/usuarios/me - Status: 401 - Time: 1ms - At: 2025-08-03T02:44:34.491Z - from clientIP: ::ffff:127.0.0.1
2025-08-03T02:44:36.666Z [info]: Received POST for /api/usuarios/logout - Status: 401 - Time: 1ms - At: 2025-08-03T02:44:36.666Z - from clientIP: ::ffff:127.0.0.1
2025-08-03T02:44:54.122Z [info]: Received POST for /api/usuarios/login/ - Status: 200 - Time: 23ms - At: 2025-08-03T02:44:54.122Z - from clientIP: ::ffff:127.0.0.1
2025-08-03T02:45:02.362Z [info]: Received GET for /api/usuarios/me - Status: 200 - Time: 5ms - At: 2025-08-03T02:45:02.362Z - from clientIP: ::ffff:127.0.0.1
2025-08-03T02:45:05.537Z [info]: Received POST for /api/usuarios/logout - Status: 200 - Time: 8ms - At: 2025-08-03T02:45:05.537Z - from clientIP: ::ffff:127.0.0.1
2025-08-03T02:45:10.498Z [info]: Received GET for /api/usuarios/me - Status: 401 - Time: 1ms - At: 2025-08-03T02:45:10.498Z - from clientIP: ::ffff:127.0.0.1
